mode: set
github.com/antonioparicio/numismaticapp/internal/application/coin_service.go:56.16,66.2 1 1
github.com/antonioparicio/numismaticapp/internal/application/coin_service.go:68.251,75.16 4 1
github.com/antonioparicio/numismaticapp/internal/application/coin_service.go:75.16,77.3 1 0
github.com/antonioparicio/numismaticapp/internal/application/coin_service.go:78.2,79.16 2 1
github.com/antonioparicio/numismaticapp/internal/application/coin_service.go:79.16,81.3 1 0
github.com/antonioparicio/numismaticapp/internal/application/coin_service.go:83.2,84.16 2 1
github.com/antonioparicio/numismaticapp/internal/application/coin_service.go:84.16,86.3 1 1
github.com/antonioparicio/numismaticapp/internal/application/coin_service.go:87.2,88.16 2 1
github.com/antonioparicio/numismaticapp/internal/application/coin_service.go:88.16,90.3 1 0
github.com/antonioparicio/numismaticapp/internal/application/coin_service.go:93.2,125.12 12 1
github.com/antonioparicio/numismaticapp/internal/application/coin_service.go:125.12,130.17 4 1
github.com/antonioparicio/numismaticapp/internal/application/coin_service.go:130.17,137.4 2 1
github.com/antonioparicio/numismaticapp/internal/application/coin_service.go:138.3,139.36 2 1
github.com/antonioparicio/numismaticapp/internal/application/coin_service.go:143.2,144.12 2 1
github.com/antonioparicio/numismaticapp/internal/application/coin_service.go:144.12,150.17 4 1
github.com/antonioparicio/numismaticapp/internal/application/coin_service.go:150.17,154.4 3 0
github.com/antonioparicio/numismaticapp/internal/application/coin_service.go:155.3,156.17 2 1
github.com/antonioparicio/numismaticapp/internal/application/coin_service.go:156.17,159.4 2 0
github.com/antonioparicio/numismaticapp/internal/application/coin_service.go:160.3,161.17 2 1
github.com/antonioparicio/numismaticapp/internal/application/coin_service.go:161.17,164.4 2 0
github.com/antonioparicio/numismaticapp/internal/application/coin_service.go:165.3,166.17 2 1
github.com/antonioparicio/numismaticapp/internal/application/coin_service.go:166.17,169.4 2 0
github.com/antonioparicio/numismaticapp/internal/application/coin_service.go:172.3,173.17 2 1
github.com/antonioparicio/numismaticapp/internal/application/coin_service.go:173.17,177.4 3 0
github.com/antonioparicio/numismaticapp/internal/application/coin_service.go:178.3,179.17 2 1
github.com/antonioparicio/numismaticapp/internal/application/coin_service.go:179.17,182.4 2 0
github.com/antonioparicio/numismaticapp/internal/application/coin_service.go:183.3,184.17 2 1
github.com/antonioparicio/numismaticapp/internal/application/coin_service.go:184.17,187.4 2 0
github.com/antonioparicio/numismaticapp/internal/application/coin_service.go:188.3,189.17 2 1
github.com/antonioparicio/numismaticapp/internal/application/coin_service.go:189.17,192.4 2 0
github.com/antonioparicio/numismaticapp/internal/application/coin_service.go:194.3,200.69 2 1
github.com/antonioparicio/numismaticapp/internal/application/coin_service.go:204.2,205.12 2 1
github.com/antonioparicio/numismaticapp/internal/application/coin_service.go:205.12,209.22 4 1
github.com/antonioparicio/numismaticapp/internal/application/coin_service.go:209.22,213.4 3 0
github.com/antonioparicio/numismaticapp/internal/application/coin_service.go:215.3,216.17 2 1
github.com/antonioparicio/numismaticapp/internal/application/coin_service.go:216.17,219.18 2 0
github.com/antonioparicio/numismaticapp/internal/application/coin_service.go:219.18,223.5 3 0
github.com/antonioparicio/numismaticapp/internal/application/coin_service.go:225.3,226.38 2 1
github.com/antonioparicio/numismaticapp/internal/application/coin_service.go:230.2,238.27 6 1
github.com/antonioparicio/numismaticapp/internal/application/coin_service.go:238.27,239.17 1 0
github.com/antonioparicio/numismaticapp/internal/application/coin_service.go:239.17,241.4 1 0
github.com/antonioparicio/numismaticapp/internal/application/coin_service.go:244.2,284.71 5 1
github.com/antonioparicio/numismaticapp/internal/application/coin_service.go:284.71,286.17 2 1
github.com/antonioparicio/numismaticapp/internal/application/coin_service.go:286.17,288.4 1 0
github.com/antonioparicio/numismaticapp/internal/application/coin_service.go:289.3,302.13 2 1
github.com/antonioparicio/numismaticapp/internal/application/coin_service.go:305.2,305.65 1 1
github.com/antonioparicio/numismaticapp/internal/application/coin_service.go:305.65,307.17 2 1
github.com/antonioparicio/numismaticapp/internal/application/coin_service.go:307.17,309.4 1 0
github.com/antonioparicio/numismaticapp/internal/application/coin_service.go:310.3,323.13 2 1
github.com/antonioparicio/numismaticapp/internal/application/coin_service.go:326.2,326.79 1 1
github.com/antonioparicio/numismaticapp/internal/application/coin_service.go:326.79,328.3 1 0
github.com/antonioparicio/numismaticapp/internal/application/coin_service.go:329.2,329.76 1 1
github.com/antonioparicio/numismaticapp/internal/application/coin_service.go:329.76,331.3 1 0
github.com/antonioparicio/numismaticapp/internal/application/coin_service.go:332.2,332.92 1 1
github.com/antonioparicio/numismaticapp/internal/application/coin_service.go:332.92,334.3 1 0
github.com/antonioparicio/numismaticapp/internal/application/coin_service.go:335.2,335.89 1 1
github.com/antonioparicio/numismaticapp/internal/application/coin_service.go:335.89,337.3 1 0
github.com/antonioparicio/numismaticapp/internal/application/coin_service.go:338.2,338.93 1 1
github.com/antonioparicio/numismaticapp/internal/application/coin_service.go:338.93,340.3 1 0
github.com/antonioparicio/numismaticapp/internal/application/coin_service.go:341.2,341.90 1 1
github.com/antonioparicio/numismaticapp/internal/application/coin_service.go:341.90,343.3 1 0
github.com/antonioparicio/numismaticapp/internal/application/coin_service.go:346.2,346.47 1 1
github.com/antonioparicio/numismaticapp/internal/application/coin_service.go:346.47,349.3 2 0
github.com/antonioparicio/numismaticapp/internal/application/coin_service.go:350.2,353.28 2 1
github.com/antonioparicio/numismaticapp/internal/application/coin_service.go:353.28,354.25 1 1
github.com/antonioparicio/numismaticapp/internal/application/coin_service.go:354.25,357.61 3 1
github.com/antonioparicio/numismaticapp/internal/application/coin_service.go:357.61,359.5 1 0
github.com/antonioparicio/numismaticapp/internal/application/coin_service.go:359.10,361.5 1 1
github.com/antonioparicio/numismaticapp/internal/application/coin_service.go:365.2,365.18 1 1
github.com/antonioparicio/numismaticapp/internal/application/coin_service.go:368.90,372.16 3 1
github.com/antonioparicio/numismaticapp/internal/application/coin_service.go:372.16,374.3 1 1
github.com/antonioparicio/numismaticapp/internal/application/coin_service.go:377.2,378.24 2 1
github.com/antonioparicio/numismaticapp/internal/application/coin_service.go:378.24,380.3 1 0
github.com/antonioparicio/numismaticapp/internal/application/coin_service.go:381.2,385.19 4 1
github.com/antonioparicio/numismaticapp/internal/application/coin_service.go:385.19,387.3 1 1
github.com/antonioparicio/numismaticapp/internal/application/coin_service.go:389.2,392.16 3 1
github.com/antonioparicio/numismaticapp/internal/application/coin_service.go:392.16,395.3 2 1
github.com/antonioparicio/numismaticapp/internal/application/coin_service.go:397.2,397.25 1 1
github.com/antonioparicio/numismaticapp/internal/application/coin_service.go:397.25,400.3 2 0
github.com/antonioparicio/numismaticapp/internal/application/coin_service.go:402.2,411.16 4 1
github.com/antonioparicio/numismaticapp/internal/application/coin_service.go:411.16,413.3 1 0
github.com/antonioparicio/numismaticapp/internal/application/coin_service.go:413.8,416.3 2 1
github.com/antonioparicio/numismaticapp/internal/application/coin_service.go:418.2,418.61 1 1
github.com/antonioparicio/numismaticapp/internal/application/coin_service.go:418.61,420.50 2 1
github.com/antonioparicio/numismaticapp/internal/application/coin_service.go:420.50,422.4 1 0
github.com/antonioparicio/numismaticapp/internal/application/coin_service.go:423.3,423.13 1 1
github.com/antonioparicio/numismaticapp/internal/application/coin_service.go:427.2,427.45 1 1
github.com/antonioparicio/numismaticapp/internal/application/coin_service.go:427.45,431.17 3 1
github.com/antonioparicio/numismaticapp/internal/application/coin_service.go:431.17,433.4 1 1
github.com/antonioparicio/numismaticapp/internal/application/coin_service.go:437.3,437.11 1 0
github.com/antonioparicio/numismaticapp/internal/application/coin_service.go:440.2,449.47 7 1
github.com/antonioparicio/numismaticapp/internal/application/coin_service.go:449.47,455.20 3 1
github.com/antonioparicio/numismaticapp/internal/application/coin_service.go:455.20,456.70 1 1
github.com/antonioparicio/numismaticapp/internal/application/coin_service.go:456.70,459.5 2 0
github.com/antonioparicio/numismaticapp/internal/application/coin_service.go:464.3,465.17 2 1
github.com/antonioparicio/numismaticapp/internal/application/coin_service.go:465.17,467.12 2 0
github.com/antonioparicio/numismaticapp/internal/application/coin_service.go:471.3,472.58 2 1
github.com/antonioparicio/numismaticapp/internal/application/coin_service.go:472.58,473.59 1 1
github.com/antonioparicio/numismaticapp/internal/application/coin_service.go:473.59,475.5 1 1
github.com/antonioparicio/numismaticapp/internal/application/coin_service.go:478.3,478.44 1 1
github.com/antonioparicio/numismaticapp/internal/application/coin_service.go:478.44,479.26 1 1
github.com/antonioparicio/numismaticapp/internal/application/coin_service.go:479.26,481.5 1 0
github.com/antonioparicio/numismaticapp/internal/application/coin_service.go:482.4,484.42 2 1
github.com/antonioparicio/numismaticapp/internal/application/coin_service.go:484.42,486.5 1 0
github.com/antonioparicio/numismaticapp/internal/application/coin_service.go:488.4,488.54 1 1
github.com/antonioparicio/numismaticapp/internal/application/coin_service.go:488.54,490.5 1 0
github.com/antonioparicio/numismaticapp/internal/application/coin_service.go:492.4,492.54 1 1
github.com/antonioparicio/numismaticapp/internal/application/coin_service.go:492.54,494.5 1 1
github.com/antonioparicio/numismaticapp/internal/application/coin_service.go:495.4,495.16 1 0
github.com/antonioparicio/numismaticapp/internal/application/coin_service.go:498.3,501.34 3 1
github.com/antonioparicio/numismaticapp/internal/application/coin_service.go:501.34,505.9 4 1
github.com/antonioparicio/numismaticapp/internal/application/coin_service.go:508.3,508.50 1 0
github.com/antonioparicio/numismaticapp/internal/application/coin_service.go:508.50,513.4 3 0
github.com/antonioparicio/numismaticapp/internal/application/coin_service.go:525.2,528.25 3 1
github.com/antonioparicio/numismaticapp/internal/application/coin_service.go:528.25,529.34 1 0
github.com/antonioparicio/numismaticapp/internal/application/coin_service.go:529.34,533.4 3 0
github.com/antonioparicio/numismaticapp/internal/application/coin_service.go:533.9,543.4 1 0
github.com/antonioparicio/numismaticapp/internal/application/coin_service.go:546.2,546.25 1 1
github.com/antonioparicio/numismaticapp/internal/application/coin_service.go:546.25,553.50 5 1
github.com/antonioparicio/numismaticapp/internal/application/coin_service.go:553.50,556.4 2 0
github.com/antonioparicio/numismaticapp/internal/application/coin_service.go:557.8,559.50 1 0
github.com/antonioparicio/numismaticapp/internal/application/coin_service.go:559.50,561.4 1 0
github.com/antonioparicio/numismaticapp/internal/application/coin_service.go:564.2,566.12 2 1
github.com/antonioparicio/numismaticapp/internal/application/coin_service.go:569.121,573.16 3 1
github.com/antonioparicio/numismaticapp/internal/application/coin_service.go:573.16,575.3 1 0
github.com/antonioparicio/numismaticapp/internal/application/coin_service.go:577.2,578.16 2 1
github.com/antonioparicio/numismaticapp/internal/application/coin_service.go:578.16,580.3 1 1
github.com/antonioparicio/numismaticapp/internal/application/coin_service.go:582.2,587.49 4 1
github.com/antonioparicio/numismaticapp/internal/application/coin_service.go:587.49,589.3 1 0
github.com/antonioparicio/numismaticapp/internal/application/coin_service.go:591.2,591.18 1 1
github.com/antonioparicio/numismaticapp/internal/application/coin_service.go:594.84,596.44 1 1
github.com/antonioparicio/numismaticapp/internal/application/coin_service.go:596.44,598.3 1 1
github.com/antonioparicio/numismaticapp/internal/application/coin_service.go:599.2,599.49 1 1
github.com/antonioparicio/numismaticapp/internal/application/coin_service.go:599.49,601.3 1 1
github.com/antonioparicio/numismaticapp/internal/application/coin_service.go:602.2,602.46 1 1
github.com/antonioparicio/numismaticapp/internal/application/coin_service.go:602.46,604.3 1 1
github.com/antonioparicio/numismaticapp/internal/application/coin_service.go:607.2,607.44 1 1
github.com/antonioparicio/numismaticapp/internal/application/coin_service.go:607.44,609.3 1 1
github.com/antonioparicio/numismaticapp/internal/application/coin_service.go:612.2,612.61 1 1
github.com/antonioparicio/numismaticapp/internal/application/coin_service.go:612.61,613.44 1 1
github.com/antonioparicio/numismaticapp/internal/application/coin_service.go:613.44,615.4 1 1
github.com/antonioparicio/numismaticapp/internal/application/coin_service.go:619.2,619.65 1 1
github.com/antonioparicio/numismaticapp/internal/application/coin_service.go:619.65,620.53 1 1
github.com/antonioparicio/numismaticapp/internal/application/coin_service.go:620.53,621.50 1 1
github.com/antonioparicio/numismaticapp/internal/application/coin_service.go:621.50,623.5 1 1
github.com/antonioparicio/numismaticapp/internal/application/coin_service.go:628.2,628.51 1 1
github.com/antonioparicio/numismaticapp/internal/application/coin_service.go:628.51,629.26 1 1
github.com/antonioparicio/numismaticapp/internal/application/coin_service.go:629.26,630.44 1 1
github.com/antonioparicio/numismaticapp/internal/application/coin_service.go:630.44,631.60 1 1
github.com/antonioparicio/numismaticapp/internal/application/coin_service.go:631.60,632.62 1 1
github.com/antonioparicio/numismaticapp/internal/application/coin_service.go:632.62,633.54 1 1
github.com/antonioparicio/numismaticapp/internal/application/coin_service.go:633.54,635.13 2 1
github.com/antonioparicio/numismaticapp/internal/application/coin_service.go:644.2,644.67 1 1
github.com/antonioparicio/numismaticapp/internal/application/coin_service.go:644.67,645.55 1 1
github.com/antonioparicio/numismaticapp/internal/application/coin_service.go:645.55,646.51 1 1
github.com/antonioparicio/numismaticapp/internal/application/coin_service.go:646.51,648.5 1 1
github.com/antonioparicio/numismaticapp/internal/application/coin_service.go:653.2,653.50 1 1
github.com/antonioparicio/numismaticapp/internal/application/coin_service.go:653.50,655.3 1 1
github.com/antonioparicio/numismaticapp/internal/application/coin_service.go:658.2,658.45 1 1
github.com/antonioparicio/numismaticapp/internal/application/coin_service.go:658.45,660.3 1 1
github.com/antonioparicio/numismaticapp/internal/application/coin_service.go:663.2,663.57 1 1
github.com/antonioparicio/numismaticapp/internal/application/coin_service.go:663.57,665.3 1 1
github.com/antonioparicio/numismaticapp/internal/application/coin_service.go:667.2,676.3 1 1
github.com/antonioparicio/numismaticapp/internal/application/coin_service.go:684.104,686.2 1 1
github.com/antonioparicio/numismaticapp/internal/application/coin_service.go:688.88,690.2 1 1
github.com/antonioparicio/numismaticapp/internal/application/coin_service.go:692.80,694.2 1 1
github.com/antonioparicio/numismaticapp/internal/application/coin_service.go:696.94,701.16 3 1
github.com/antonioparicio/numismaticapp/internal/application/coin_service.go:701.16,703.3 1 0
github.com/antonioparicio/numismaticapp/internal/application/coin_service.go:704.2,708.16 3 1
github.com/antonioparicio/numismaticapp/internal/application/coin_service.go:708.16,710.3 1 0
github.com/antonioparicio/numismaticapp/internal/application/coin_service.go:711.2,715.16 3 1
github.com/antonioparicio/numismaticapp/internal/application/coin_service.go:715.16,717.3 1 0
github.com/antonioparicio/numismaticapp/internal/application/coin_service.go:718.2,722.16 3 1
github.com/antonioparicio/numismaticapp/internal/application/coin_service.go:722.16,724.3 1 0
github.com/antonioparicio/numismaticapp/internal/application/coin_service.go:726.2,727.32 2 1
github.com/antonioparicio/numismaticapp/internal/application/coin_service.go:727.32,729.3 1 0
github.com/antonioparicio/numismaticapp/internal/application/coin_service.go:732.2,733.16 2 1
github.com/antonioparicio/numismaticapp/internal/application/coin_service.go:733.16,735.3 1 0
github.com/antonioparicio/numismaticapp/internal/application/coin_service.go:736.2,737.27 2 1
github.com/antonioparicio/numismaticapp/internal/application/coin_service.go:737.27,739.3 1 0
github.com/antonioparicio/numismaticapp/internal/application/coin_service.go:742.2,743.16 2 1
github.com/antonioparicio/numismaticapp/internal/application/coin_service.go:743.16,745.3 1 0
github.com/antonioparicio/numismaticapp/internal/application/coin_service.go:746.2,750.16 3 1
github.com/antonioparicio/numismaticapp/internal/application/coin_service.go:750.16,752.3 1 0
github.com/antonioparicio/numismaticapp/internal/application/coin_service.go:753.2,757.16 3 1
github.com/antonioparicio/numismaticapp/internal/application/coin_service.go:757.16,759.3 1 0
github.com/antonioparicio/numismaticapp/internal/application/coin_service.go:761.2,764.28 3 1
github.com/antonioparicio/numismaticapp/internal/application/coin_service.go:764.28,766.3 1 1
github.com/antonioparicio/numismaticapp/internal/application/coin_service.go:768.2,768.30 1 1
github.com/antonioparicio/numismaticapp/internal/application/coin_service.go:768.30,769.13 1 1
github.com/antonioparicio/numismaticapp/internal/application/coin_service.go:769.13,771.4 1 0
github.com/antonioparicio/numismaticapp/internal/application/coin_service.go:771.9,771.20 1 1
github.com/antonioparicio/numismaticapp/internal/application/coin_service.go:771.20,773.4 1 1
github.com/antonioparicio/numismaticapp/internal/application/coin_service.go:773.9,773.21 1 0
github.com/antonioparicio/numismaticapp/internal/application/coin_service.go:773.21,775.4 1 0
github.com/antonioparicio/numismaticapp/internal/application/coin_service.go:775.9,775.21 1 0
github.com/antonioparicio/numismaticapp/internal/application/coin_service.go:775.21,777.4 1 0
github.com/antonioparicio/numismaticapp/internal/application/coin_service.go:777.9,779.4 1 0
github.com/antonioparicio/numismaticapp/internal/application/coin_service.go:783.2,787.16 3 1
github.com/antonioparicio/numismaticapp/internal/application/coin_service.go:787.16,793.30 5 1
github.com/antonioparicio/numismaticapp/internal/application/coin_service.go:793.30,795.18 2 1
github.com/antonioparicio/numismaticapp/internal/application/coin_service.go:795.18,805.5 6 1
github.com/antonioparicio/numismaticapp/internal/application/coin_service.go:808.4,809.39 2 1
github.com/antonioparicio/numismaticapp/internal/application/coin_service.go:809.39,811.5 1 0
github.com/antonioparicio/numismaticapp/internal/application/coin_service.go:812.4,812.78 1 1
github.com/antonioparicio/numismaticapp/internal/application/coin_service.go:812.78,814.5 1 1
github.com/antonioparicio/numismaticapp/internal/application/coin_service.go:816.3,817.36 2 1
github.com/antonioparicio/numismaticapp/internal/application/coin_service.go:820.2,823.16 3 1
github.com/antonioparicio/numismaticapp/internal/application/coin_service.go:823.16,825.28 2 1
github.com/antonioparicio/numismaticapp/internal/application/coin_service.go:825.28,827.4 1 0
github.com/antonioparicio/numismaticapp/internal/application/coin_service.go:830.2,837.81 3 1
github.com/antonioparicio/numismaticapp/internal/application/coin_service.go:837.81,839.3 1 1
github.com/antonioparicio/numismaticapp/internal/application/coin_service.go:841.2,841.81 1 1
github.com/antonioparicio/numismaticapp/internal/application/coin_service.go:841.81,843.3 1 1
github.com/antonioparicio/numismaticapp/internal/application/coin_service.go:845.2,845.75 1 1
github.com/antonioparicio/numismaticapp/internal/application/coin_service.go:845.75,847.3 1 1
github.com/antonioparicio/numismaticapp/internal/application/coin_service.go:849.2,849.19 1 1
github.com/antonioparicio/numismaticapp/internal/application/coin_service.go:852.105,854.16 2 1
github.com/antonioparicio/numismaticapp/internal/application/coin_service.go:854.16,856.3 1 0
github.com/antonioparicio/numismaticapp/internal/application/coin_service.go:857.2,857.51 1 1
github.com/antonioparicio/numismaticapp/internal/application/coin_service.go:860.112,863.16 3 1
github.com/antonioparicio/numismaticapp/internal/application/coin_service.go:863.16,865.3 1 1
github.com/antonioparicio/numismaticapp/internal/application/coin_service.go:868.2,869.29 2 1
github.com/antonioparicio/numismaticapp/internal/application/coin_service.go:869.29,870.72 1 1
github.com/antonioparicio/numismaticapp/internal/application/coin_service.go:870.72,872.9 2 1
github.com/antonioparicio/numismaticapp/internal/application/coin_service.go:876.2,876.22 1 1
github.com/antonioparicio/numismaticapp/internal/application/coin_service.go:876.22,878.3 1 0
github.com/antonioparicio/numismaticapp/internal/application/coin_service.go:880.2,884.69 2 1
github.com/antonioparicio/numismaticapp/internal/application/coin_service.go:884.69,887.3 2 0
github.com/antonioparicio/numismaticapp/internal/application/coin_service.go:888.2,894.16 3 1
github.com/antonioparicio/numismaticapp/internal/application/coin_service.go:894.16,897.3 2 0
github.com/antonioparicio/numismaticapp/internal/application/coin_service.go:898.2,900.12 2 1
github.com/antonioparicio/numismaticapp/internal/application/coin_service.go:903.113,905.16 2 1
github.com/antonioparicio/numismaticapp/internal/application/coin_service.go:905.16,907.3 1 0
github.com/antonioparicio/numismaticapp/internal/application/coin_service.go:909.2,915.55 2 1
github.com/antonioparicio/numismaticapp/internal/application/coin_service.go:915.55,917.3 1 0
github.com/antonioparicio/numismaticapp/internal/application/coin_service.go:918.2,918.19 1 1
github.com/antonioparicio/numismaticapp/internal/application/coin_service.go:921.70,923.2 1 1
github.com/antonioparicio/numismaticapp/internal/application/coin_service.go:925.28,926.12 1 1
github.com/antonioparicio/numismaticapp/internal/application/coin_service.go:926.12,928.3 1 0
github.com/antonioparicio/numismaticapp/internal/application/coin_service.go:930.2,939.25 2 1
github.com/antonioparicio/numismaticapp/internal/application/coin_service.go:939.25,940.17 1 1
github.com/antonioparicio/numismaticapp/internal/application/coin_service.go:940.17,942.4 1 1
github.com/antonioparicio/numismaticapp/internal/application/coin_service.go:944.2,944.29 1 0
github.com/antonioparicio/numismaticapp/internal/application/coin_service.go:947.42,954.32 3 1
github.com/antonioparicio/numismaticapp/internal/application/coin_service.go:954.32,955.17 1 1
github.com/antonioparicio/numismaticapp/internal/application/coin_service.go:955.17,957.4 1 0
github.com/antonioparicio/numismaticapp/internal/application/coin_service.go:961.2,961.38 1 1
github.com/antonioparicio/numismaticapp/internal/application/coin_service.go:961.38,963.3 1 0
github.com/antonioparicio/numismaticapp/internal/application/coin_service.go:964.2,964.36 1 1
github.com/antonioparicio/numismaticapp/internal/application/coin_service.go:964.36,966.3 1 0
github.com/antonioparicio/numismaticapp/internal/application/coin_service.go:967.2,967.35 1 1
github.com/antonioparicio/numismaticapp/internal/application/coin_service.go:967.35,969.3 1 0
github.com/antonioparicio/numismaticapp/internal/application/coin_service.go:970.2,970.36 1 1
github.com/antonioparicio/numismaticapp/internal/application/coin_service.go:970.36,972.3 1 0
github.com/antonioparicio/numismaticapp/internal/application/coin_service.go:973.2,973.36 1 1
github.com/antonioparicio/numismaticapp/internal/application/coin_service.go:973.36,975.3 1 0
github.com/antonioparicio/numismaticapp/internal/application/coin_service.go:976.2,976.35 1 1
github.com/antonioparicio/numismaticapp/internal/application/coin_service.go:976.35,978.3 1 0
github.com/antonioparicio/numismaticapp/internal/application/coin_service.go:979.2,979.35 1 1
github.com/antonioparicio/numismaticapp/internal/application/coin_service.go:979.35,981.3 1 0
github.com/antonioparicio/numismaticapp/internal/application/coin_service.go:982.2,982.35 1 1
github.com/antonioparicio/numismaticapp/internal/application/coin_service.go:982.35,984.3 1 0
github.com/antonioparicio/numismaticapp/internal/application/coin_service.go:987.2,987.11 1 1
github.com/antonioparicio/numismaticapp/internal/application/coin_service.go:1018.116,1020.16 2 1
github.com/antonioparicio/numismaticapp/internal/application/coin_service.go:1020.16,1022.3 1 1
github.com/antonioparicio/numismaticapp/internal/application/coin_service.go:1025.2,1051.28 25 1
github.com/antonioparicio/numismaticapp/internal/application/coin_service.go:1051.28,1053.17 2 1
github.com/antonioparicio/numismaticapp/internal/application/coin_service.go:1053.17,1056.18 2 0
github.com/antonioparicio/numismaticapp/internal/application/coin_service.go:1056.18,1058.5 1 0
github.com/antonioparicio/numismaticapp/internal/application/coin_service.go:1060.3,1060.27 1 1
github.com/antonioparicio/numismaticapp/internal/application/coin_service.go:1061.8,1063.3 1 0
github.com/antonioparicio/numismaticapp/internal/application/coin_service.go:1065.2,1065.49 1 1
github.com/antonioparicio/numismaticapp/internal/application/coin_service.go:1065.49,1067.3 1 0
github.com/antonioparicio/numismaticapp/internal/application/coin_service.go:1069.2,1069.18 1 1
github.com/antonioparicio/numismaticapp/internal/application/coin_service.go:1072.75,1075.2 1 1
github.com/antonioparicio/numismaticapp/internal/application/coin_service.go:1077.94,1079.2 1 1
github.com/antonioparicio/numismaticapp/internal/application/coin_service.go:1081.133,1084.16 2 1
github.com/antonioparicio/numismaticapp/internal/application/coin_service.go:1084.16,1086.3 1 0
github.com/antonioparicio/numismaticapp/internal/application/coin_service.go:1089.2,1090.34 2 1
github.com/antonioparicio/numismaticapp/internal/application/coin_service.go:1090.34,1091.34 1 1
github.com/antonioparicio/numismaticapp/internal/application/coin_service.go:1091.34,1092.20 1 1
github.com/antonioparicio/numismaticapp/internal/application/coin_service.go:1093.17,1094.25 1 1
github.com/antonioparicio/numismaticapp/internal/application/coin_service.go:1095.16,1096.24 1 1
github.com/antonioparicio/numismaticapp/internal/application/coin_service.go:1101.2,1101.39 1 1
github.com/antonioparicio/numismaticapp/internal/application/coin_service.go:1101.39,1103.3 1 0
github.com/antonioparicio/numismaticapp/internal/application/coin_service.go:1106.2,1108.16 3 1
github.com/antonioparicio/numismaticapp/internal/application/coin_service.go:1108.16,1110.3 1 1
github.com/antonioparicio/numismaticapp/internal/application/coin_service.go:1113.2,1142.49 24 1
github.com/antonioparicio/numismaticapp/internal/application/coin_service.go:1142.49,1144.3 1 0
github.com/antonioparicio/numismaticapp/internal/application/coin_service.go:1146.2,1146.18 1 1
github.com/antonioparicio/numismaticapp/internal/application/mocks/mock_ai_service.go:33.63,37.2 3 0
github.com/antonioparicio/numismaticapp/internal/application/mocks/mock_ai_service.go:40.61,42.2 1 0
github.com/antonioparicio/numismaticapp/internal/application/mocks/mock_ai_service.go:45.177,51.2 5 0
github.com/antonioparicio/numismaticapp/internal/application/mocks/mock_ai_service.go:54.133,57.2 2 0
github.com/antonioparicio/numismaticapp/internal/application/mocks/mock_ai_service.go:60.91,66.2 5 0
github.com/antonioparicio/numismaticapp/internal/application/mocks/mock_ai_service.go:69.71,72.2 2 0
github.com/antonioparicio/numismaticapp/internal/application/mocks/mock_application.go:35.73,39.2 3 0
github.com/antonioparicio/numismaticapp/internal/application/mocks/mock_application.go:42.71,44.2 1 0
github.com/antonioparicio/numismaticapp/internal/application/mocks/mock_application.go:47.91,53.2 5 0
github.com/antonioparicio/numismaticapp/internal/application/mocks/mock_application.go:56.77,59.2 2 0
github.com/antonioparicio/numismaticapp/internal/application/mocks/mock_application.go:62.149,68.2 5 0
github.com/antonioparicio/numismaticapp/internal/application/mocks/mock_application.go:71.115,74.2 2 0
github.com/antonioparicio/numismaticapp/internal/application/mocks/mock_application.go:89.73,93.2 3 0
github.com/antonioparicio/numismaticapp/internal/application/mocks/mock_application.go:96.71,98.2 1 0
github.com/antonioparicio/numismaticapp/internal/application/mocks/mock_application.go:101.74,107.2 5 0
github.com/antonioparicio/numismaticapp/internal/application/mocks/mock_application.go:110.78,113.2 2 0
github.com/antonioparicio/numismaticapp/internal/application/mocks/mock_application.go:116.109,122.2 5 0
github.com/antonioparicio/numismaticapp/internal/application/mocks/mock_application.go:125.96,128.2 2 0
github.com/antonioparicio/numismaticapp/internal/application/mocks/mock_background_remover.go:32.79,36.2 3 0
github.com/antonioparicio/numismaticapp/internal/application/mocks/mock_background_remover.go:39.77,41.2 1 0
github.com/antonioparicio/numismaticapp/internal/application/mocks/mock_background_remover.go:44.101,50.2 5 0
github.com/antonioparicio/numismaticapp/internal/application/mocks/mock_background_remover.go:53.92,56.2 2 0
github.com/antonioparicio/numismaticapp/internal/application/mocks/mock_coin_repository.go:34.73,38.2 3 0
github.com/antonioparicio/numismaticapp/internal/application/mocks/mock_coin_repository.go:41.71,43.2 1 0
github.com/antonioparicio/numismaticapp/internal/application/mocks/mock_coin_repository.go:46.90,51.2 4 0
github.com/antonioparicio/numismaticapp/internal/application/mocks/mock_coin_repository.go:54.81,57.2 2 0
github.com/antonioparicio/numismaticapp/internal/application/mocks/mock_coin_repository.go:60.72,66.2 5 0
github.com/antonioparicio/numismaticapp/internal/application/mocks/mock_coin_repository.go:69.71,72.2 2 0
github.com/antonioparicio/numismaticapp/internal/application/mocks/mock_coin_repository.go:75.78,80.2 4 0
github.com/antonioparicio/numismaticapp/internal/application/mocks/mock_coin_repository.go:83.76,86.2 2 0
github.com/antonioparicio/numismaticapp/internal/application/mocks/mock_coin_repository.go:89.87,95.2 5 0
github.com/antonioparicio/numismaticapp/internal/application/mocks/mock_coin_repository.go:98.77,101.2 2 0
github.com/antonioparicio/numismaticapp/internal/application/mocks/mock_coin_repository.go:104.83,110.2 5 0
github.com/antonioparicio/numismaticapp/internal/application/mocks/mock_coin_repository.go:113.78,116.2 2 0
github.com/antonioparicio/numismaticapp/internal/application/mocks/mock_coin_repository.go:119.84,125.2 5 0
github.com/antonioparicio/numismaticapp/internal/application/mocks/mock_coin_repository.go:128.81,131.2 2 0
github.com/antonioparicio/numismaticapp/internal/application/mocks/mock_coin_repository.go:134.95,140.2 5 0
github.com/antonioparicio/numismaticapp/internal/application/mocks/mock_coin_repository.go:143.77,146.2 2 0
github.com/antonioparicio/numismaticapp/internal/application/mocks/mock_coin_repository.go:149.98,155.2 5 0
github.com/antonioparicio/numismaticapp/internal/application/mocks/mock_coin_repository.go:158.88,161.2 2 0
github.com/antonioparicio/numismaticapp/internal/application/mocks/mock_coin_repository.go:164.96,170.2 5 0
github.com/antonioparicio/numismaticapp/internal/application/mocks/mock_coin_repository.go:173.86,176.2 2 0
github.com/antonioparicio/numismaticapp/internal/application/mocks/mock_coin_repository.go:179.96,185.2 5 0
github.com/antonioparicio/numismaticapp/internal/application/mocks/mock_coin_repository.go:188.86,191.2 2 0
github.com/antonioparicio/numismaticapp/internal/application/mocks/mock_coin_repository.go:194.93,200.2 5 0
github.com/antonioparicio/numismaticapp/internal/application/mocks/mock_coin_repository.go:203.79,206.2 2 0
github.com/antonioparicio/numismaticapp/internal/application/mocks/mock_coin_repository.go:209.89,215.2 5 0
github.com/antonioparicio/numismaticapp/internal/application/mocks/mock_coin_repository.go:218.81,221.2 2 0
github.com/antonioparicio/numismaticapp/internal/application/mocks/mock_coin_repository.go:224.99,230.2 5 0
github.com/antonioparicio/numismaticapp/internal/application/mocks/mock_coin_repository.go:233.89,236.2 2 0
github.com/antonioparicio/numismaticapp/internal/application/mocks/mock_coin_repository.go:239.87,245.2 5 0
github.com/antonioparicio/numismaticapp/internal/application/mocks/mock_coin_repository.go:248.79,251.2 2 0
github.com/antonioparicio/numismaticapp/internal/application/mocks/mock_coin_repository.go:254.87,260.2 5 0
github.com/antonioparicio/numismaticapp/internal/application/mocks/mock_coin_repository.go:263.79,266.2 2 0
github.com/antonioparicio/numismaticapp/internal/application/mocks/mock_coin_repository.go:269.101,275.2 5 0
github.com/antonioparicio/numismaticapp/internal/application/mocks/mock_coin_repository.go:278.87,281.2 2 0
github.com/antonioparicio/numismaticapp/internal/application/mocks/mock_coin_repository.go:284.89,290.2 5 0
github.com/antonioparicio/numismaticapp/internal/application/mocks/mock_coin_repository.go:293.81,296.2 2 0
github.com/antonioparicio/numismaticapp/internal/application/mocks/mock_coin_repository.go:299.82,305.2 5 0
github.com/antonioparicio/numismaticapp/internal/application/mocks/mock_coin_repository.go:308.79,311.2 2 0
github.com/antonioparicio/numismaticapp/internal/application/mocks/mock_coin_repository.go:314.114,320.2 5 0
github.com/antonioparicio/numismaticapp/internal/application/mocks/mock_coin_repository.go:323.104,326.2 2 0
github.com/antonioparicio/numismaticapp/internal/application/mocks/mock_coin_repository.go:329.106,335.2 5 0
github.com/antonioparicio/numismaticapp/internal/application/mocks/mock_coin_repository.go:338.78,341.2 2 0
github.com/antonioparicio/numismaticapp/internal/application/mocks/mock_coin_repository.go:344.86,350.2 5 0
github.com/antonioparicio/numismaticapp/internal/application/mocks/mock_coin_repository.go:353.76,356.2 2 0
github.com/antonioparicio/numismaticapp/internal/application/mocks/mock_coin_repository.go:359.91,365.2 5 0
github.com/antonioparicio/numismaticapp/internal/application/mocks/mock_coin_repository.go:368.81,371.2 2 0
github.com/antonioparicio/numismaticapp/internal/application/mocks/mock_coin_repository.go:374.81,379.2 4 0
github.com/antonioparicio/numismaticapp/internal/application/mocks/mock_coin_repository.go:382.76,385.2 2 0
github.com/antonioparicio/numismaticapp/internal/application/mocks/mock_coin_repository.go:388.83,393.2 4 0
github.com/antonioparicio/numismaticapp/internal/application/mocks/mock_coin_repository.go:396.78,399.2 2 0
github.com/antonioparicio/numismaticapp/internal/application/mocks/mock_group_repository.go:33.75,37.2 3 0
github.com/antonioparicio/numismaticapp/internal/application/mocks/mock_group_repository.go:40.73,42.2 1 0
github.com/antonioparicio/numismaticapp/internal/application/mocks/mock_group_repository.go:45.108,51.2 5 0
github.com/antonioparicio/numismaticapp/internal/application/mocks/mock_group_repository.go:54.92,57.2 2 0
github.com/antonioparicio/numismaticapp/internal/application/mocks/mock_group_repository.go:60.73,65.2 4 0
github.com/antonioparicio/numismaticapp/internal/application/mocks/mock_group_repository.go:68.77,71.2 2 0
github.com/antonioparicio/numismaticapp/internal/application/mocks/mock_group_repository.go:74.98,80.2 5 0
github.com/antonioparicio/numismaticapp/internal/application/mocks/mock_group_repository.go:83.82,86.2 2 0
github.com/antonioparicio/numismaticapp/internal/application/mocks/mock_group_repository.go:89.82,95.2 5 0
github.com/antonioparicio/numismaticapp/internal/application/mocks/mock_group_repository.go:98.71,101.2 2 0
github.com/antonioparicio/numismaticapp/internal/application/mocks/mock_group_repository.go:104.86,109.2 4 0
github.com/antonioparicio/numismaticapp/internal/application/mocks/mock_group_repository.go:112.80,115.2 2 0
github.com/antonioparicio/numismaticapp/internal/application/mocks/mock_image_service.go:31.69,35.2 3 0
github.com/antonioparicio/numismaticapp/internal/application/mocks/mock_image_service.go:38.67,40.2 1 0
github.com/antonioparicio/numismaticapp/internal/application/mocks/mock_image_service.go:43.75,49.2 5 0
github.com/antonioparicio/numismaticapp/internal/application/mocks/mock_image_service.go:52.82,55.2 2 0
github.com/antonioparicio/numismaticapp/internal/application/mocks/mock_image_service.go:58.72,64.2 5 0
github.com/antonioparicio/numismaticapp/internal/application/mocks/mock_image_service.go:67.79,70.2 2 0
github.com/antonioparicio/numismaticapp/internal/application/mocks/mock_image_service.go:73.91,79.2 5 0
github.com/antonioparicio/numismaticapp/internal/application/mocks/mock_image_service.go:82.94,85.2 2 0
github.com/antonioparicio/numismaticapp/internal/application/mocks/mock_image_service.go:88.91,97.2 8 0
github.com/antonioparicio/numismaticapp/internal/application/mocks/mock_image_service.go:100.81,103.2 2 0
github.com/antonioparicio/numismaticapp/internal/application/mocks/mock_image_service.go:106.98,113.2 6 0
github.com/antonioparicio/numismaticapp/internal/application/mocks/mock_image_service.go:116.97,119.2 2 0
github.com/antonioparicio/numismaticapp/internal/application/mocks/mock_image_service.go:122.74,127.2 4 0
github.com/antonioparicio/numismaticapp/internal/application/mocks/mock_image_service.go:130.83,133.2 2 0
