mode: set
github.com/antonioparicio/numismaticapp/cmd/diagnose_gemini/main.go:14.13,18.18 4 0
github.com/antonioparicio/numismaticapp/cmd/diagnose_gemini/main.go:18.18,20.3 1 0
github.com/antonioparicio/numismaticapp/cmd/diagnose_gemini/main.go:22.2,23.16 2 0
github.com/antonioparicio/numismaticapp/cmd/diagnose_gemini/main.go:23.16,25.3 1 0
github.com/antonioparicio/numismaticapp/cmd/diagnose_gemini/main.go:26.2,26.15 1 0
github.com/antonioparicio/numismaticapp/cmd/diagnose_gemini/main.go:26.15,27.40 1 0
github.com/antonioparicio/numismaticapp/cmd/diagnose_gemini/main.go:27.40,29.4 1 0
github.com/antonioparicio/numismaticapp/cmd/diagnose_gemini/main.go:32.2,34.6 3 0
github.com/antonioparicio/numismaticapp/cmd/diagnose_gemini/main.go:34.6,36.27 2 0
github.com/antonioparicio/numismaticapp/cmd/diagnose_gemini/main.go:36.27,37.9 1 0
github.com/antonioparicio/numismaticapp/cmd/diagnose_gemini/main.go:39.3,39.17 1 0
github.com/antonioparicio/numismaticapp/cmd/diagnose_gemini/main.go:39.17,41.4 1 0
github.com/antonioparicio/numismaticapp/cmd/diagnose_gemini/main.go:42.3,42.87 1 0
github.com/antonioparicio/numismaticapp/cmd/api/main.go:19.13,28.17 5 0
github.com/antonioparicio/numismaticapp/cmd/api/main.go:28.17,31.3 2 0
github.com/antonioparicio/numismaticapp/cmd/api/main.go:32.2,33.21 2 0
github.com/antonioparicio/numismaticapp/cmd/api/main.go:33.21,36.3 2 0
github.com/antonioparicio/numismaticapp/cmd/api/main.go:39.2,40.16 2 0
github.com/antonioparicio/numismaticapp/cmd/api/main.go:40.16,43.3 2 0
github.com/antonioparicio/numismaticapp/cmd/api/main.go:44.2,53.16 6 0
github.com/antonioparicio/numismaticapp/cmd/api/main.go:53.16,56.3 2 0
github.com/antonioparicio/numismaticapp/cmd/api/main.go:57.2,57.15 1 0
github.com/antonioparicio/numismaticapp/cmd/api/main.go:57.15,58.46 1 0
github.com/antonioparicio/numismaticapp/cmd/api/main.go:58.46,60.4 1 0
github.com/antonioparicio/numismaticapp/cmd/api/main.go:63.2,67.20 4 0
github.com/antonioparicio/numismaticapp/cmd/api/main.go:67.20,69.3 1 0
github.com/antonioparicio/numismaticapp/cmd/api/main.go:70.2,74.52 3 0
github.com/antonioparicio/numismaticapp/cmd/api/main.go:74.52,77.3 2 0
github.com/antonioparicio/numismaticapp/cmd/api/main.go:80.2,96.16 9 0
github.com/antonioparicio/numismaticapp/cmd/api/main.go:96.16,98.3 1 0
github.com/antonioparicio/numismaticapp/cmd/api/main.go:99.2,100.47 2 0
github.com/antonioparicio/numismaticapp/cmd/api/main.go:100.47,103.3 2 0
github.com/antonioparicio/numismaticapp/internal/api/handler.go:17.68,19.2 1 0
github.com/antonioparicio/numismaticapp/internal/api/handler.go:21.51,24.16 2 0
github.com/antonioparicio/numismaticapp/internal/api/handler.go:24.16,26.3 1 0
github.com/antonioparicio/numismaticapp/internal/api/handler.go:28.2,29.16 2 0
github.com/antonioparicio/numismaticapp/internal/api/handler.go:29.16,31.3 1 0
github.com/antonioparicio/numismaticapp/internal/api/handler.go:33.2,39.22 7 0
github.com/antonioparicio/numismaticapp/internal/api/handler.go:39.22,40.67 1 0
github.com/antonioparicio/numismaticapp/internal/api/handler.go:40.67,43.4 1 0
github.com/antonioparicio/numismaticapp/internal/api/handler.go:46.2,49.26 4 0
github.com/antonioparicio/numismaticapp/internal/api/handler.go:49.26,50.69 1 0
github.com/antonioparicio/numismaticapp/internal/api/handler.go:50.69,52.4 1 0
github.com/antonioparicio/numismaticapp/internal/api/handler.go:56.2,57.16 2 0
github.com/antonioparicio/numismaticapp/internal/api/handler.go:57.16,59.3 1 0
github.com/antonioparicio/numismaticapp/internal/api/handler.go:60.2,60.15 1 0
github.com/antonioparicio/numismaticapp/internal/api/handler.go:60.15,61.42 1 0
github.com/antonioparicio/numismaticapp/internal/api/handler.go:61.42,63.4 1 0
github.com/antonioparicio/numismaticapp/internal/api/handler.go:66.2,67.16 2 0
github.com/antonioparicio/numismaticapp/internal/api/handler.go:67.16,69.3 1 0
github.com/antonioparicio/numismaticapp/internal/api/handler.go:70.2,70.15 1 0
github.com/antonioparicio/numismaticapp/internal/api/handler.go:70.15,71.41 1 0
github.com/antonioparicio/numismaticapp/internal/api/handler.go:71.41,73.4 1 0
github.com/antonioparicio/numismaticapp/internal/api/handler.go:77.2,78.16 2 0
github.com/antonioparicio/numismaticapp/internal/api/handler.go:78.16,80.3 1 0
github.com/antonioparicio/numismaticapp/internal/api/handler.go:82.2,82.49 1 0
github.com/antonioparicio/numismaticapp/internal/api/handler.go:85.60,87.16 2 0
github.com/antonioparicio/numismaticapp/internal/api/handler.go:87.16,89.3 1 0
github.com/antonioparicio/numismaticapp/internal/api/handler.go:90.2,90.23 1 0
github.com/antonioparicio/numismaticapp/internal/api/handler.go:93.54,95.16 2 0
github.com/antonioparicio/numismaticapp/internal/api/handler.go:95.16,97.3 1 0
github.com/antonioparicio/numismaticapp/internal/api/handler.go:98.2,98.23 1 0
github.com/antonioparicio/numismaticapp/internal/api/handler.go:106.54,109.16 3 0
github.com/antonioparicio/numismaticapp/internal/api/handler.go:109.16,111.3 1 0
github.com/antonioparicio/numismaticapp/internal/api/handler.go:113.2,114.43 2 0
github.com/antonioparicio/numismaticapp/internal/api/handler.go:114.43,116.3 1 0
github.com/antonioparicio/numismaticapp/internal/api/handler.go:118.2,118.47 1 0
github.com/antonioparicio/numismaticapp/internal/api/handler.go:118.47,120.3 1 0
github.com/antonioparicio/numismaticapp/internal/api/handler.go:122.2,122.88 1 0
github.com/antonioparicio/numismaticapp/internal/api/handler.go:122.88,124.3 1 0
github.com/antonioparicio/numismaticapp/internal/api/handler.go:126.2,126.37 1 0
github.com/antonioparicio/numismaticapp/internal/api/handler.go:134.55,136.43 2 0
github.com/antonioparicio/numismaticapp/internal/api/handler.go:136.43,138.3 1 0
github.com/antonioparicio/numismaticapp/internal/api/handler.go:140.2,141.16 2 0
github.com/antonioparicio/numismaticapp/internal/api/handler.go:141.16,143.3 1 0
github.com/antonioparicio/numismaticapp/internal/api/handler.go:145.2,145.50 1 0
github.com/antonioparicio/numismaticapp/internal/api/handler.go:148.55,151.16 3 0
github.com/antonioparicio/numismaticapp/internal/api/handler.go:151.16,153.3 1 0
github.com/antonioparicio/numismaticapp/internal/api/handler.go:155.2,156.43 2 0
github.com/antonioparicio/numismaticapp/internal/api/handler.go:156.43,158.3 1 0
github.com/antonioparicio/numismaticapp/internal/api/handler.go:160.2,161.16 2 0
github.com/antonioparicio/numismaticapp/internal/api/handler.go:161.16,163.3 1 0
github.com/antonioparicio/numismaticapp/internal/api/handler.go:165.2,165.22 1 0
github.com/antonioparicio/numismaticapp/internal/api/handler.go:168.55,171.16 3 0
github.com/antonioparicio/numismaticapp/internal/api/handler.go:171.16,173.3 1 0
github.com/antonioparicio/numismaticapp/internal/api/handler.go:175.2,175.63 1 0
github.com/antonioparicio/numismaticapp/internal/api/handler.go:175.63,177.3 1 0
github.com/antonioparicio/numismaticapp/internal/api/handler.go:179.2,179.44 1 0
github.com/antonioparicio/numismaticapp/internal/api/handler.go:182.53,186.36 3 0
github.com/antonioparicio/numismaticapp/internal/api/handler.go:186.36,187.46 1 0
github.com/antonioparicio/numismaticapp/internal/api/handler.go:187.46,189.4 1 0
github.com/antonioparicio/numismaticapp/internal/api/handler.go:191.2,191.37 1 0
github.com/antonioparicio/numismaticapp/internal/api/handler.go:191.37,192.46 1 0
github.com/antonioparicio/numismaticapp/internal/api/handler.go:192.46,194.4 1 0
github.com/antonioparicio/numismaticapp/internal/api/handler.go:197.2,202.39 2 0
github.com/antonioparicio/numismaticapp/internal/api/handler.go:202.39,203.46 1 0
github.com/antonioparicio/numismaticapp/internal/api/handler.go:203.46,205.4 1 0
github.com/antonioparicio/numismaticapp/internal/api/handler.go:208.2,208.35 1 0
github.com/antonioparicio/numismaticapp/internal/api/handler.go:208.35,209.46 1 0
github.com/antonioparicio/numismaticapp/internal/api/handler.go:209.46,211.4 1 0
github.com/antonioparicio/numismaticapp/internal/api/handler.go:214.2,214.50 1 0
github.com/antonioparicio/numismaticapp/internal/api/handler.go:214.50,216.3 1 0
github.com/antonioparicio/numismaticapp/internal/api/handler.go:218.2,218.32 1 0
github.com/antonioparicio/numismaticapp/internal/api/handler.go:218.32,220.3 1 0
github.com/antonioparicio/numismaticapp/internal/api/handler.go:222.2,222.54 1 0
github.com/antonioparicio/numismaticapp/internal/api/handler.go:222.54,223.63 1 0
github.com/antonioparicio/numismaticapp/internal/api/handler.go:223.63,225.4 1 0
github.com/antonioparicio/numismaticapp/internal/api/handler.go:228.2,228.54 1 0
github.com/antonioparicio/numismaticapp/internal/api/handler.go:228.54,229.63 1 0
github.com/antonioparicio/numismaticapp/internal/api/handler.go:229.63,231.4 1 0
github.com/antonioparicio/numismaticapp/internal/api/handler.go:234.2,234.40 1 0
github.com/antonioparicio/numismaticapp/internal/api/handler.go:234.40,236.3 1 0
github.com/antonioparicio/numismaticapp/internal/api/handler.go:237.2,237.38 1 0
github.com/antonioparicio/numismaticapp/internal/api/handler.go:237.38,239.3 1 0
github.com/antonioparicio/numismaticapp/internal/api/handler.go:241.2,242.16 2 0
github.com/antonioparicio/numismaticapp/internal/api/handler.go:242.16,244.3 1 0
github.com/antonioparicio/numismaticapp/internal/api/handler.go:246.2,246.22 1 0
github.com/antonioparicio/numismaticapp/internal/api/handler.go:249.51,252.16 3 0
github.com/antonioparicio/numismaticapp/internal/api/handler.go:252.16,254.3 1 0
github.com/antonioparicio/numismaticapp/internal/api/handler.go:256.2,257.16 2 0
github.com/antonioparicio/numismaticapp/internal/api/handler.go:257.16,259.3 1 0
github.com/antonioparicio/numismaticapp/internal/api/handler.go:261.2,261.21 1 0
github.com/antonioparicio/numismaticapp/internal/api/handler.go:264.61,266.16 2 0
github.com/antonioparicio/numismaticapp/internal/api/handler.go:266.16,268.3 1 0
github.com/antonioparicio/numismaticapp/internal/api/handler.go:269.2,269.22 1 0
github.com/antonioparicio/numismaticapp/internal/api/handler.go:272.54,275.16 3 0
github.com/antonioparicio/numismaticapp/internal/api/handler.go:275.16,277.3 1 0
github.com/antonioparicio/numismaticapp/internal/api/handler.go:279.2,280.43 2 0
github.com/antonioparicio/numismaticapp/internal/api/handler.go:280.43,282.3 1 0
github.com/antonioparicio/numismaticapp/internal/api/handler.go:284.2,285.16 2 0
github.com/antonioparicio/numismaticapp/internal/api/handler.go:285.16,287.3 1 0
github.com/antonioparicio/numismaticapp/internal/api/handler.go:289.2,289.21 1 0
github.com/antonioparicio/numismaticapp/internal/api/handler.go:292.54,295.16 3 0
github.com/antonioparicio/numismaticapp/internal/api/handler.go:295.16,297.3 1 0
github.com/antonioparicio/numismaticapp/internal/api/handler.go:299.2,299.62 1 0
github.com/antonioparicio/numismaticapp/internal/api/handler.go:299.62,301.3 1 0
github.com/antonioparicio/numismaticapp/internal/api/handler.go:303.2,303.44 1 0
github.com/antonioparicio/numismaticapp/internal/api/handler.go:311.57,314.16 3 0
github.com/antonioparicio/numismaticapp/internal/api/handler.go:314.16,316.3 1 0
github.com/antonioparicio/numismaticapp/internal/api/handler.go:318.2,319.43 2 0
github.com/antonioparicio/numismaticapp/internal/api/handler.go:319.43,321.3 1 0
github.com/antonioparicio/numismaticapp/internal/api/handler.go:323.2,323.26 1 0
github.com/antonioparicio/numismaticapp/internal/api/handler.go:323.26,325.3 1 0
github.com/antonioparicio/numismaticapp/internal/api/handler.go:327.2,328.16 2 0
github.com/antonioparicio/numismaticapp/internal/api/handler.go:328.16,330.3 1 0
github.com/antonioparicio/numismaticapp/internal/api/handler.go:332.2,332.21 1 0
github.com/antonioparicio/numismaticapp/internal/api/handler.go:335.60,338.16 3 0
github.com/antonioparicio/numismaticapp/internal/api/handler.go:338.16,340.3 1 0
github.com/antonioparicio/numismaticapp/internal/api/handler.go:342.2,342.73 1 0
github.com/antonioparicio/numismaticapp/internal/api/handler.go:342.73,344.3 1 0
github.com/antonioparicio/numismaticapp/internal/api/handler.go:346.2,346.37 1 0
github.com/antonioparicio/numismaticapp/internal/api/handler.go:349.62,352.16 3 0
github.com/antonioparicio/numismaticapp/internal/api/handler.go:352.16,354.3 1 0
github.com/antonioparicio/numismaticapp/internal/api/handler.go:356.2,358.16 3 0
github.com/antonioparicio/numismaticapp/internal/api/handler.go:358.16,360.3 1 0
github.com/antonioparicio/numismaticapp/internal/api/handler.go:362.2,363.16 2 0
github.com/antonioparicio/numismaticapp/internal/api/handler.go:363.16,365.3 1 0
github.com/antonioparicio/numismaticapp/internal/api/handler.go:367.2,367.21 1 0
github.com/antonioparicio/numismaticapp/internal/api/health_handler.go:15.56,17.2 1 0
github.com/antonioparicio/numismaticapp/internal/api/health_handler.go:19.57,24.39 4 0
github.com/antonioparicio/numismaticapp/internal/api/health_handler.go:24.39,26.3 1 0
github.com/antonioparicio/numismaticapp/internal/api/health_handler.go:28.2,29.24 2 0
github.com/antonioparicio/numismaticapp/internal/api/health_handler.go:29.24,31.3 1 0
github.com/antonioparicio/numismaticapp/internal/api/health_handler.go:33.2,37.4 1 0
github.com/antonioparicio/numismaticapp/internal/api/router.go:9.90,50.40 23 0
github.com/antonioparicio/numismaticapp/internal/api/router.go:50.40,52.3 1 0
github.com/antonioparicio/numismaticapp/internal/application/coin_service.go:56.16,66.2 1 1
github.com/antonioparicio/numismaticapp/internal/application/coin_service.go:68.251,75.16 4 1
github.com/antonioparicio/numismaticapp/internal/application/coin_service.go:75.16,77.3 1 0
github.com/antonioparicio/numismaticapp/internal/application/coin_service.go:78.2,79.16 2 1
github.com/antonioparicio/numismaticapp/internal/application/coin_service.go:79.16,81.3 1 0
github.com/antonioparicio/numismaticapp/internal/application/coin_service.go:83.2,84.16 2 1
github.com/antonioparicio/numismaticapp/internal/application/coin_service.go:84.16,86.3 1 1
github.com/antonioparicio/numismaticapp/internal/application/coin_service.go:87.2,88.16 2 1
github.com/antonioparicio/numismaticapp/internal/application/coin_service.go:88.16,90.3 1 0
github.com/antonioparicio/numismaticapp/internal/application/coin_service.go:93.2,125.12 12 1
github.com/antonioparicio/numismaticapp/internal/application/coin_service.go:125.12,130.17 4 1
github.com/antonioparicio/numismaticapp/internal/application/coin_service.go:130.17,137.4 2 1
github.com/antonioparicio/numismaticapp/internal/application/coin_service.go:138.3,139.36 2 1
github.com/antonioparicio/numismaticapp/internal/application/coin_service.go:143.2,144.12 2 1
github.com/antonioparicio/numismaticapp/internal/application/coin_service.go:144.12,150.17 4 1
github.com/antonioparicio/numismaticapp/internal/application/coin_service.go:150.17,154.4 3 1
github.com/antonioparicio/numismaticapp/internal/application/coin_service.go:155.3,156.17 2 1
github.com/antonioparicio/numismaticapp/internal/application/coin_service.go:156.17,159.4 2 0
github.com/antonioparicio/numismaticapp/internal/application/coin_service.go:160.3,161.17 2 1
github.com/antonioparicio/numismaticapp/internal/application/coin_service.go:161.17,164.4 2 0
github.com/antonioparicio/numismaticapp/internal/application/coin_service.go:165.3,166.17 2 1
github.com/antonioparicio/numismaticapp/internal/application/coin_service.go:166.17,169.4 2 0
github.com/antonioparicio/numismaticapp/internal/application/coin_service.go:172.3,173.17 2 1
github.com/antonioparicio/numismaticapp/internal/application/coin_service.go:173.17,177.4 3 0
github.com/antonioparicio/numismaticapp/internal/application/coin_service.go:178.3,179.17 2 1
github.com/antonioparicio/numismaticapp/internal/application/coin_service.go:179.17,182.4 2 0
github.com/antonioparicio/numismaticapp/internal/application/coin_service.go:183.3,184.17 2 1
github.com/antonioparicio/numismaticapp/internal/application/coin_service.go:184.17,187.4 2 0
github.com/antonioparicio/numismaticapp/internal/application/coin_service.go:188.3,189.17 2 1
github.com/antonioparicio/numismaticapp/internal/application/coin_service.go:189.17,192.4 2 0
github.com/antonioparicio/numismaticapp/internal/application/coin_service.go:194.3,200.69 2 1
github.com/antonioparicio/numismaticapp/internal/application/coin_service.go:204.2,205.12 2 1
github.com/antonioparicio/numismaticapp/internal/application/coin_service.go:205.12,209.22 4 1
github.com/antonioparicio/numismaticapp/internal/application/coin_service.go:209.22,213.4 3 1
github.com/antonioparicio/numismaticapp/internal/application/coin_service.go:215.3,216.17 2 1
github.com/antonioparicio/numismaticapp/internal/application/coin_service.go:216.17,219.18 2 1
github.com/antonioparicio/numismaticapp/internal/application/coin_service.go:219.18,223.5 3 1
github.com/antonioparicio/numismaticapp/internal/application/coin_service.go:225.3,226.38 2 1
github.com/antonioparicio/numismaticapp/internal/application/coin_service.go:230.2,238.27 6 1
github.com/antonioparicio/numismaticapp/internal/application/coin_service.go:238.27,239.17 1 1
github.com/antonioparicio/numismaticapp/internal/application/coin_service.go:239.17,241.4 1 1
github.com/antonioparicio/numismaticapp/internal/application/coin_service.go:244.2,284.71 5 1
github.com/antonioparicio/numismaticapp/internal/application/coin_service.go:284.71,286.17 2 1
github.com/antonioparicio/numismaticapp/internal/application/coin_service.go:286.17,288.4 1 0
github.com/antonioparicio/numismaticapp/internal/application/coin_service.go:289.3,302.13 2 1
github.com/antonioparicio/numismaticapp/internal/application/coin_service.go:305.2,305.65 1 1
github.com/antonioparicio/numismaticapp/internal/application/coin_service.go:305.65,307.17 2 1
github.com/antonioparicio/numismaticapp/internal/application/coin_service.go:307.17,309.4 1 0
github.com/antonioparicio/numismaticapp/internal/application/coin_service.go:310.3,323.13 2 1
github.com/antonioparicio/numismaticapp/internal/application/coin_service.go:326.2,326.79 1 1
github.com/antonioparicio/numismaticapp/internal/application/coin_service.go:326.79,328.3 1 0
github.com/antonioparicio/numismaticapp/internal/application/coin_service.go:329.2,329.76 1 1
github.com/antonioparicio/numismaticapp/internal/application/coin_service.go:329.76,331.3 1 0
github.com/antonioparicio/numismaticapp/internal/application/coin_service.go:332.2,332.92 1 1
github.com/antonioparicio/numismaticapp/internal/application/coin_service.go:332.92,334.3 1 0
github.com/antonioparicio/numismaticapp/internal/application/coin_service.go:335.2,335.89 1 1
github.com/antonioparicio/numismaticapp/internal/application/coin_service.go:335.89,337.3 1 0
github.com/antonioparicio/numismaticapp/internal/application/coin_service.go:338.2,338.93 1 1
github.com/antonioparicio/numismaticapp/internal/application/coin_service.go:338.93,340.3 1 0
github.com/antonioparicio/numismaticapp/internal/application/coin_service.go:341.2,341.90 1 1
github.com/antonioparicio/numismaticapp/internal/application/coin_service.go:341.90,343.3 1 0
github.com/antonioparicio/numismaticapp/internal/application/coin_service.go:346.2,346.47 1 1
github.com/antonioparicio/numismaticapp/internal/application/coin_service.go:346.47,349.3 2 0
github.com/antonioparicio/numismaticapp/internal/application/coin_service.go:350.2,353.28 2 1
github.com/antonioparicio/numismaticapp/internal/application/coin_service.go:353.28,354.25 1 1
github.com/antonioparicio/numismaticapp/internal/application/coin_service.go:354.25,357.61 3 1
github.com/antonioparicio/numismaticapp/internal/application/coin_service.go:357.61,359.5 1 0
github.com/antonioparicio/numismaticapp/internal/application/coin_service.go:359.10,361.5 1 1
github.com/antonioparicio/numismaticapp/internal/application/coin_service.go:365.2,365.18 1 1
github.com/antonioparicio/numismaticapp/internal/application/coin_service.go:368.90,372.16 3 1
github.com/antonioparicio/numismaticapp/internal/application/coin_service.go:372.16,374.3 1 1
github.com/antonioparicio/numismaticapp/internal/application/coin_service.go:377.2,378.24 2 1
github.com/antonioparicio/numismaticapp/internal/application/coin_service.go:378.24,380.3 1 1
github.com/antonioparicio/numismaticapp/internal/application/coin_service.go:381.2,385.19 4 1
github.com/antonioparicio/numismaticapp/internal/application/coin_service.go:385.19,387.3 1 1
github.com/antonioparicio/numismaticapp/internal/application/coin_service.go:389.2,392.16 3 1
github.com/antonioparicio/numismaticapp/internal/application/coin_service.go:392.16,395.3 2 1
github.com/antonioparicio/numismaticapp/internal/application/coin_service.go:397.2,397.25 1 1
github.com/antonioparicio/numismaticapp/internal/application/coin_service.go:397.25,400.3 2 0
github.com/antonioparicio/numismaticapp/internal/application/coin_service.go:402.2,411.16 4 1
github.com/antonioparicio/numismaticapp/internal/application/coin_service.go:411.16,413.3 1 0
github.com/antonioparicio/numismaticapp/internal/application/coin_service.go:413.8,416.3 2 1
github.com/antonioparicio/numismaticapp/internal/application/coin_service.go:418.2,418.61 1 1
github.com/antonioparicio/numismaticapp/internal/application/coin_service.go:418.61,420.50 2 1
github.com/antonioparicio/numismaticapp/internal/application/coin_service.go:420.50,422.4 1 0
github.com/antonioparicio/numismaticapp/internal/application/coin_service.go:423.3,423.13 1 1
github.com/antonioparicio/numismaticapp/internal/application/coin_service.go:427.2,427.45 1 1
github.com/antonioparicio/numismaticapp/internal/application/coin_service.go:427.45,431.17 3 1
github.com/antonioparicio/numismaticapp/internal/application/coin_service.go:431.17,433.4 1 1
github.com/antonioparicio/numismaticapp/internal/application/coin_service.go:437.3,437.11 1 0
github.com/antonioparicio/numismaticapp/internal/application/coin_service.go:440.2,449.47 7 1
github.com/antonioparicio/numismaticapp/internal/application/coin_service.go:449.47,455.20 3 1
github.com/antonioparicio/numismaticapp/internal/application/coin_service.go:455.20,456.70 1 1
github.com/antonioparicio/numismaticapp/internal/application/coin_service.go:456.70,459.5 2 1
github.com/antonioparicio/numismaticapp/internal/application/coin_service.go:464.3,465.17 2 1
github.com/antonioparicio/numismaticapp/internal/application/coin_service.go:465.17,467.12 2 0
github.com/antonioparicio/numismaticapp/internal/application/coin_service.go:471.3,472.58 2 1
github.com/antonioparicio/numismaticapp/internal/application/coin_service.go:472.58,473.59 1 1
github.com/antonioparicio/numismaticapp/internal/application/coin_service.go:473.59,475.5 1 1
github.com/antonioparicio/numismaticapp/internal/application/coin_service.go:478.3,478.44 1 1
github.com/antonioparicio/numismaticapp/internal/application/coin_service.go:478.44,479.26 1 1
github.com/antonioparicio/numismaticapp/internal/application/coin_service.go:479.26,481.5 1 0
github.com/antonioparicio/numismaticapp/internal/application/coin_service.go:482.4,484.42 2 1
github.com/antonioparicio/numismaticapp/internal/application/coin_service.go:484.42,486.5 1 1
github.com/antonioparicio/numismaticapp/internal/application/coin_service.go:488.4,488.54 1 1
github.com/antonioparicio/numismaticapp/internal/application/coin_service.go:488.54,490.5 1 0
github.com/antonioparicio/numismaticapp/internal/application/coin_service.go:492.4,492.54 1 1
github.com/antonioparicio/numismaticapp/internal/application/coin_service.go:492.54,494.5 1 1
github.com/antonioparicio/numismaticapp/internal/application/coin_service.go:495.4,495.16 1 1
github.com/antonioparicio/numismaticapp/internal/application/coin_service.go:498.3,501.34 3 1
github.com/antonioparicio/numismaticapp/internal/application/coin_service.go:501.34,505.9 4 1
github.com/antonioparicio/numismaticapp/internal/application/coin_service.go:508.3,508.50 1 1
github.com/antonioparicio/numismaticapp/internal/application/coin_service.go:508.50,513.4 3 1
github.com/antonioparicio/numismaticapp/internal/application/coin_service.go:525.2,528.25 3 1
github.com/antonioparicio/numismaticapp/internal/application/coin_service.go:528.25,529.34 1 1
github.com/antonioparicio/numismaticapp/internal/application/coin_service.go:529.34,533.4 3 1
github.com/antonioparicio/numismaticapp/internal/application/coin_service.go:533.9,543.4 1 0
github.com/antonioparicio/numismaticapp/internal/application/coin_service.go:546.2,546.25 1 1
github.com/antonioparicio/numismaticapp/internal/application/coin_service.go:546.25,553.50 5 1
github.com/antonioparicio/numismaticapp/internal/application/coin_service.go:553.50,556.4 2 0
github.com/antonioparicio/numismaticapp/internal/application/coin_service.go:557.8,559.50 1 0
github.com/antonioparicio/numismaticapp/internal/application/coin_service.go:559.50,561.4 1 0
github.com/antonioparicio/numismaticapp/internal/application/coin_service.go:564.2,566.12 2 1
github.com/antonioparicio/numismaticapp/internal/application/coin_service.go:569.121,573.16 3 1
github.com/antonioparicio/numismaticapp/internal/application/coin_service.go:573.16,575.3 1 0
github.com/antonioparicio/numismaticapp/internal/application/coin_service.go:577.2,578.16 2 1
github.com/antonioparicio/numismaticapp/internal/application/coin_service.go:578.16,580.3 1 1
github.com/antonioparicio/numismaticapp/internal/application/coin_service.go:582.2,587.49 4 1
github.com/antonioparicio/numismaticapp/internal/application/coin_service.go:587.49,589.3 1 0
github.com/antonioparicio/numismaticapp/internal/application/coin_service.go:591.2,591.18 1 1
github.com/antonioparicio/numismaticapp/internal/application/coin_service.go:594.84,596.44 1 1
github.com/antonioparicio/numismaticapp/internal/application/coin_service.go:596.44,598.3 1 1
github.com/antonioparicio/numismaticapp/internal/application/coin_service.go:599.2,599.49 1 1
github.com/antonioparicio/numismaticapp/internal/application/coin_service.go:599.49,601.3 1 1
github.com/antonioparicio/numismaticapp/internal/application/coin_service.go:602.2,602.46 1 1
github.com/antonioparicio/numismaticapp/internal/application/coin_service.go:602.46,604.3 1 1
github.com/antonioparicio/numismaticapp/internal/application/coin_service.go:607.2,607.44 1 1
github.com/antonioparicio/numismaticapp/internal/application/coin_service.go:607.44,609.3 1 1
github.com/antonioparicio/numismaticapp/internal/application/coin_service.go:612.2,612.61 1 1
github.com/antonioparicio/numismaticapp/internal/application/coin_service.go:612.61,613.44 1 1
github.com/antonioparicio/numismaticapp/internal/application/coin_service.go:613.44,615.4 1 1
github.com/antonioparicio/numismaticapp/internal/application/coin_service.go:619.2,619.65 1 1
github.com/antonioparicio/numismaticapp/internal/application/coin_service.go:619.65,620.53 1 1
github.com/antonioparicio/numismaticapp/internal/application/coin_service.go:620.53,621.50 1 1
github.com/antonioparicio/numismaticapp/internal/application/coin_service.go:621.50,623.5 1 1
github.com/antonioparicio/numismaticapp/internal/application/coin_service.go:628.2,628.51 1 1
github.com/antonioparicio/numismaticapp/internal/application/coin_service.go:628.51,629.26 1 1
github.com/antonioparicio/numismaticapp/internal/application/coin_service.go:629.26,630.44 1 1
github.com/antonioparicio/numismaticapp/internal/application/coin_service.go:630.44,631.60 1 1
github.com/antonioparicio/numismaticapp/internal/application/coin_service.go:631.60,632.62 1 1
github.com/antonioparicio/numismaticapp/internal/application/coin_service.go:632.62,633.54 1 1
github.com/antonioparicio/numismaticapp/internal/application/coin_service.go:633.54,635.13 2 1
github.com/antonioparicio/numismaticapp/internal/application/coin_service.go:644.2,644.67 1 1
github.com/antonioparicio/numismaticapp/internal/application/coin_service.go:644.67,645.55 1 1
github.com/antonioparicio/numismaticapp/internal/application/coin_service.go:645.55,646.51 1 1
github.com/antonioparicio/numismaticapp/internal/application/coin_service.go:646.51,648.5 1 1
github.com/antonioparicio/numismaticapp/internal/application/coin_service.go:653.2,653.50 1 1
github.com/antonioparicio/numismaticapp/internal/application/coin_service.go:653.50,655.3 1 1
github.com/antonioparicio/numismaticapp/internal/application/coin_service.go:658.2,658.45 1 1
github.com/antonioparicio/numismaticapp/internal/application/coin_service.go:658.45,660.3 1 1
github.com/antonioparicio/numismaticapp/internal/application/coin_service.go:663.2,663.57 1 1
github.com/antonioparicio/numismaticapp/internal/application/coin_service.go:663.57,665.3 1 1
github.com/antonioparicio/numismaticapp/internal/application/coin_service.go:667.2,676.3 1 1
github.com/antonioparicio/numismaticapp/internal/application/coin_service.go:684.104,686.2 1 1
github.com/antonioparicio/numismaticapp/internal/application/coin_service.go:688.88,690.2 1 1
github.com/antonioparicio/numismaticapp/internal/application/coin_service.go:692.80,694.2 1 1
github.com/antonioparicio/numismaticapp/internal/application/coin_service.go:696.94,701.16 3 1
github.com/antonioparicio/numismaticapp/internal/application/coin_service.go:701.16,703.3 1 0
github.com/antonioparicio/numismaticapp/internal/application/coin_service.go:704.2,708.16 3 1
github.com/antonioparicio/numismaticapp/internal/application/coin_service.go:708.16,710.3 1 0
github.com/antonioparicio/numismaticapp/internal/application/coin_service.go:711.2,715.16 3 1
github.com/antonioparicio/numismaticapp/internal/application/coin_service.go:715.16,717.3 1 0
github.com/antonioparicio/numismaticapp/internal/application/coin_service.go:718.2,722.16 3 1
github.com/antonioparicio/numismaticapp/internal/application/coin_service.go:722.16,724.3 1 0
github.com/antonioparicio/numismaticapp/internal/application/coin_service.go:726.2,727.32 2 1
github.com/antonioparicio/numismaticapp/internal/application/coin_service.go:727.32,729.3 1 0
github.com/antonioparicio/numismaticapp/internal/application/coin_service.go:732.2,733.16 2 1
github.com/antonioparicio/numismaticapp/internal/application/coin_service.go:733.16,735.3 1 0
github.com/antonioparicio/numismaticapp/internal/application/coin_service.go:736.2,737.27 2 1
github.com/antonioparicio/numismaticapp/internal/application/coin_service.go:737.27,739.3 1 0
github.com/antonioparicio/numismaticapp/internal/application/coin_service.go:742.2,743.16 2 1
github.com/antonioparicio/numismaticapp/internal/application/coin_service.go:743.16,745.3 1 0
github.com/antonioparicio/numismaticapp/internal/application/coin_service.go:746.2,750.16 3 1
github.com/antonioparicio/numismaticapp/internal/application/coin_service.go:750.16,752.3 1 0
github.com/antonioparicio/numismaticapp/internal/application/coin_service.go:753.2,757.16 3 1
github.com/antonioparicio/numismaticapp/internal/application/coin_service.go:757.16,759.3 1 0
github.com/antonioparicio/numismaticapp/internal/application/coin_service.go:761.2,764.28 3 1
github.com/antonioparicio/numismaticapp/internal/application/coin_service.go:764.28,766.3 1 1
github.com/antonioparicio/numismaticapp/internal/application/coin_service.go:768.2,768.30 1 1
github.com/antonioparicio/numismaticapp/internal/application/coin_service.go:768.30,769.13 1 1
github.com/antonioparicio/numismaticapp/internal/application/coin_service.go:769.13,771.4 1 0
github.com/antonioparicio/numismaticapp/internal/application/coin_service.go:771.9,771.20 1 1
github.com/antonioparicio/numismaticapp/internal/application/coin_service.go:771.20,773.4 1 1
github.com/antonioparicio/numismaticapp/internal/application/coin_service.go:773.9,773.21 1 0
github.com/antonioparicio/numismaticapp/internal/application/coin_service.go:773.21,775.4 1 0
github.com/antonioparicio/numismaticapp/internal/application/coin_service.go:775.9,775.21 1 0
github.com/antonioparicio/numismaticapp/internal/application/coin_service.go:775.21,777.4 1 0
github.com/antonioparicio/numismaticapp/internal/application/coin_service.go:777.9,779.4 1 0
github.com/antonioparicio/numismaticapp/internal/application/coin_service.go:783.2,787.16 3 1
github.com/antonioparicio/numismaticapp/internal/application/coin_service.go:787.16,793.30 5 1
github.com/antonioparicio/numismaticapp/internal/application/coin_service.go:793.30,795.18 2 1
github.com/antonioparicio/numismaticapp/internal/application/coin_service.go:795.18,805.5 6 1
github.com/antonioparicio/numismaticapp/internal/application/coin_service.go:808.4,809.39 2 1
github.com/antonioparicio/numismaticapp/internal/application/coin_service.go:809.39,811.5 1 0
github.com/antonioparicio/numismaticapp/internal/application/coin_service.go:812.4,812.78 1 1
github.com/antonioparicio/numismaticapp/internal/application/coin_service.go:812.78,814.5 1 1
github.com/antonioparicio/numismaticapp/internal/application/coin_service.go:816.3,817.36 2 1
github.com/antonioparicio/numismaticapp/internal/application/coin_service.go:820.2,823.16 3 1
github.com/antonioparicio/numismaticapp/internal/application/coin_service.go:823.16,825.28 2 1
github.com/antonioparicio/numismaticapp/internal/application/coin_service.go:825.28,827.4 1 0
github.com/antonioparicio/numismaticapp/internal/application/coin_service.go:830.2,837.81 3 1
github.com/antonioparicio/numismaticapp/internal/application/coin_service.go:837.81,839.3 1 1
github.com/antonioparicio/numismaticapp/internal/application/coin_service.go:841.2,841.81 1 1
github.com/antonioparicio/numismaticapp/internal/application/coin_service.go:841.81,843.3 1 1
github.com/antonioparicio/numismaticapp/internal/application/coin_service.go:845.2,845.75 1 1
github.com/antonioparicio/numismaticapp/internal/application/coin_service.go:845.75,847.3 1 1
github.com/antonioparicio/numismaticapp/internal/application/coin_service.go:849.2,849.19 1 1
github.com/antonioparicio/numismaticapp/internal/application/coin_service.go:852.105,854.16 2 1
github.com/antonioparicio/numismaticapp/internal/application/coin_service.go:854.16,856.3 1 1
github.com/antonioparicio/numismaticapp/internal/application/coin_service.go:857.2,857.51 1 1
github.com/antonioparicio/numismaticapp/internal/application/coin_service.go:860.112,863.16 3 1
github.com/antonioparicio/numismaticapp/internal/application/coin_service.go:863.16,865.3 1 1
github.com/antonioparicio/numismaticapp/internal/application/coin_service.go:868.2,869.29 2 1
github.com/antonioparicio/numismaticapp/internal/application/coin_service.go:869.29,870.72 1 1
github.com/antonioparicio/numismaticapp/internal/application/coin_service.go:870.72,872.9 2 1
github.com/antonioparicio/numismaticapp/internal/application/coin_service.go:876.2,876.22 1 1
github.com/antonioparicio/numismaticapp/internal/application/coin_service.go:876.22,878.3 1 1
github.com/antonioparicio/numismaticapp/internal/application/coin_service.go:880.2,884.69 2 1
github.com/antonioparicio/numismaticapp/internal/application/coin_service.go:884.69,887.3 2 0
github.com/antonioparicio/numismaticapp/internal/application/coin_service.go:888.2,894.16 3 1
github.com/antonioparicio/numismaticapp/internal/application/coin_service.go:894.16,897.3 2 1
github.com/antonioparicio/numismaticapp/internal/application/coin_service.go:898.2,900.12 2 1
github.com/antonioparicio/numismaticapp/internal/application/coin_service.go:903.113,905.16 2 1
github.com/antonioparicio/numismaticapp/internal/application/coin_service.go:905.16,907.3 1 1
github.com/antonioparicio/numismaticapp/internal/application/coin_service.go:909.2,915.55 2 1
github.com/antonioparicio/numismaticapp/internal/application/coin_service.go:915.55,917.3 1 0
github.com/antonioparicio/numismaticapp/internal/application/coin_service.go:918.2,918.19 1 1
github.com/antonioparicio/numismaticapp/internal/application/coin_service.go:921.70,923.2 1 1
github.com/antonioparicio/numismaticapp/internal/application/coin_service.go:925.28,926.12 1 1
github.com/antonioparicio/numismaticapp/internal/application/coin_service.go:926.12,928.3 1 0
github.com/antonioparicio/numismaticapp/internal/application/coin_service.go:930.2,939.25 2 1
github.com/antonioparicio/numismaticapp/internal/application/coin_service.go:939.25,940.17 1 1
github.com/antonioparicio/numismaticapp/internal/application/coin_service.go:940.17,942.4 1 1
github.com/antonioparicio/numismaticapp/internal/application/coin_service.go:944.2,944.29 1 1
github.com/antonioparicio/numismaticapp/internal/application/coin_service.go:947.42,954.32 3 1
github.com/antonioparicio/numismaticapp/internal/application/coin_service.go:954.32,955.17 1 1
github.com/antonioparicio/numismaticapp/internal/application/coin_service.go:955.17,957.4 1 1
github.com/antonioparicio/numismaticapp/internal/application/coin_service.go:961.2,961.38 1 1
github.com/antonioparicio/numismaticapp/internal/application/coin_service.go:961.38,963.3 1 0
github.com/antonioparicio/numismaticapp/internal/application/coin_service.go:964.2,964.36 1 1
github.com/antonioparicio/numismaticapp/internal/application/coin_service.go:964.36,966.3 1 1
github.com/antonioparicio/numismaticapp/internal/application/coin_service.go:967.2,967.35 1 1
github.com/antonioparicio/numismaticapp/internal/application/coin_service.go:967.35,969.3 1 0
github.com/antonioparicio/numismaticapp/internal/application/coin_service.go:970.2,970.36 1 1
github.com/antonioparicio/numismaticapp/internal/application/coin_service.go:970.36,972.3 1 0
github.com/antonioparicio/numismaticapp/internal/application/coin_service.go:973.2,973.36 1 1
github.com/antonioparicio/numismaticapp/internal/application/coin_service.go:973.36,975.3 1 1
github.com/antonioparicio/numismaticapp/internal/application/coin_service.go:976.2,976.35 1 1
github.com/antonioparicio/numismaticapp/internal/application/coin_service.go:976.35,978.3 1 0
github.com/antonioparicio/numismaticapp/internal/application/coin_service.go:979.2,979.35 1 1
github.com/antonioparicio/numismaticapp/internal/application/coin_service.go:979.35,981.3 1 0
github.com/antonioparicio/numismaticapp/internal/application/coin_service.go:982.2,982.35 1 1
github.com/antonioparicio/numismaticapp/internal/application/coin_service.go:982.35,984.3 1 0
github.com/antonioparicio/numismaticapp/internal/application/coin_service.go:987.2,987.11 1 1
github.com/antonioparicio/numismaticapp/internal/application/coin_service.go:1018.116,1020.16 2 1
github.com/antonioparicio/numismaticapp/internal/application/coin_service.go:1020.16,1022.3 1 1
github.com/antonioparicio/numismaticapp/internal/application/coin_service.go:1025.2,1051.28 25 1
github.com/antonioparicio/numismaticapp/internal/application/coin_service.go:1051.28,1053.17 2 1
github.com/antonioparicio/numismaticapp/internal/application/coin_service.go:1053.17,1056.18 2 0
github.com/antonioparicio/numismaticapp/internal/application/coin_service.go:1056.18,1058.5 1 0
github.com/antonioparicio/numismaticapp/internal/application/coin_service.go:1060.3,1060.27 1 1
github.com/antonioparicio/numismaticapp/internal/application/coin_service.go:1061.8,1063.3 1 1
github.com/antonioparicio/numismaticapp/internal/application/coin_service.go:1065.2,1065.49 1 1
github.com/antonioparicio/numismaticapp/internal/application/coin_service.go:1065.49,1067.3 1 0
github.com/antonioparicio/numismaticapp/internal/application/coin_service.go:1069.2,1069.18 1 1
github.com/antonioparicio/numismaticapp/internal/application/coin_service.go:1072.75,1075.2 1 1
github.com/antonioparicio/numismaticapp/internal/application/coin_service.go:1077.94,1079.2 1 1
github.com/antonioparicio/numismaticapp/internal/application/coin_service.go:1081.133,1084.16 2 1
github.com/antonioparicio/numismaticapp/internal/application/coin_service.go:1084.16,1086.3 1 0
github.com/antonioparicio/numismaticapp/internal/application/coin_service.go:1089.2,1090.34 2 1
github.com/antonioparicio/numismaticapp/internal/application/coin_service.go:1090.34,1091.34 1 1
github.com/antonioparicio/numismaticapp/internal/application/coin_service.go:1091.34,1092.20 1 1
github.com/antonioparicio/numismaticapp/internal/application/coin_service.go:1093.17,1094.25 1 1
github.com/antonioparicio/numismaticapp/internal/application/coin_service.go:1095.16,1096.24 1 1
github.com/antonioparicio/numismaticapp/internal/application/coin_service.go:1101.2,1101.39 1 1
github.com/antonioparicio/numismaticapp/internal/application/coin_service.go:1101.39,1103.3 1 0
github.com/antonioparicio/numismaticapp/internal/application/coin_service.go:1106.2,1108.16 3 1
github.com/antonioparicio/numismaticapp/internal/application/coin_service.go:1108.16,1110.3 1 1
github.com/antonioparicio/numismaticapp/internal/application/coin_service.go:1113.2,1142.49 24 1
github.com/antonioparicio/numismaticapp/internal/application/coin_service.go:1142.49,1144.3 1 0
github.com/antonioparicio/numismaticapp/internal/application/coin_service.go:1146.2,1146.18 1 1
github.com/antonioparicio/numismaticapp/internal/infrastructure/storage/fs_storage.go:15.52,17.2 1 0
github.com/antonioparicio/numismaticapp/internal/infrastructure/storage/fs_storage.go:19.83,21.47 2 0
github.com/antonioparicio/numismaticapp/internal/infrastructure/storage/fs_storage.go:21.47,23.3 1 0
github.com/antonioparicio/numismaticapp/internal/infrastructure/storage/fs_storage.go:25.2,26.55 2 0
github.com/antonioparicio/numismaticapp/internal/infrastructure/storage/fs_storage.go:26.55,28.3 1 0
github.com/antonioparicio/numismaticapp/internal/infrastructure/storage/fs_storage.go:30.2,30.18 1 0
github.com/antonioparicio/numismaticapp/internal/infrastructure/storage/fs_storage.go:33.70,36.16 3 0
github.com/antonioparicio/numismaticapp/internal/infrastructure/storage/fs_storage.go:36.16,38.3 1 0
github.com/antonioparicio/numismaticapp/internal/infrastructure/storage/fs_storage.go:39.2,39.18 1 0
github.com/antonioparicio/numismaticapp/internal/infrastructure/storage/fs_storage.go:42.61,46.2 3 0
github.com/antonioparicio/numismaticapp/internal/infrastructure/storage/fs_storage.go:48.64,50.2 1 0
github.com/antonioparicio/numismaticapp/internal/infrastructure/storage/local.go:17.60,19.2 1 0
github.com/antonioparicio/numismaticapp/internal/infrastructure/storage/local.go:21.72,23.48 2 0
github.com/antonioparicio/numismaticapp/internal/infrastructure/storage/local.go:23.48,25.3 1 0
github.com/antonioparicio/numismaticapp/internal/infrastructure/storage/local.go:26.2,26.18 1 0
github.com/antonioparicio/numismaticapp/internal/infrastructure/storage/local.go:29.107,31.16 2 0
github.com/antonioparicio/numismaticapp/internal/infrastructure/storage/local.go:31.16,33.3 1 0
github.com/antonioparicio/numismaticapp/internal/infrastructure/storage/local.go:35.2,37.16 3 0
github.com/antonioparicio/numismaticapp/internal/infrastructure/storage/local.go:37.16,39.3 1 0
github.com/antonioparicio/numismaticapp/internal/infrastructure/storage/local.go:40.2,40.15 1 0
github.com/antonioparicio/numismaticapp/internal/infrastructure/storage/local.go:40.15,41.37 1 0
github.com/antonioparicio/numismaticapp/internal/infrastructure/storage/local.go:41.37,43.4 1 0
github.com/antonioparicio/numismaticapp/internal/infrastructure/storage/local.go:46.2,46.49 1 0
github.com/antonioparicio/numismaticapp/internal/infrastructure/storage/local.go:46.49,48.3 1 0
github.com/antonioparicio/numismaticapp/internal/infrastructure/storage/local.go:50.2,50.22 1 0
github.com/antonioparicio/numismaticapp/internal/application/mocks/mock_ai_service.go:33.63,37.2 3 0
github.com/antonioparicio/numismaticapp/internal/application/mocks/mock_ai_service.go:40.61,42.2 1 0
github.com/antonioparicio/numismaticapp/internal/application/mocks/mock_ai_service.go:45.177,51.2 5 0
github.com/antonioparicio/numismaticapp/internal/application/mocks/mock_ai_service.go:54.133,57.2 2 0
github.com/antonioparicio/numismaticapp/internal/application/mocks/mock_ai_service.go:60.91,66.2 5 0
github.com/antonioparicio/numismaticapp/internal/application/mocks/mock_ai_service.go:69.71,72.2 2 0
github.com/antonioparicio/numismaticapp/internal/application/mocks/mock_application.go:35.73,39.2 3 0
github.com/antonioparicio/numismaticapp/internal/application/mocks/mock_application.go:42.71,44.2 1 0
github.com/antonioparicio/numismaticapp/internal/application/mocks/mock_application.go:47.91,53.2 5 0
github.com/antonioparicio/numismaticapp/internal/application/mocks/mock_application.go:56.77,59.2 2 0
github.com/antonioparicio/numismaticapp/internal/application/mocks/mock_application.go:62.149,68.2 5 0
github.com/antonioparicio/numismaticapp/internal/application/mocks/mock_application.go:71.115,74.2 2 0
github.com/antonioparicio/numismaticapp/internal/application/mocks/mock_application.go:89.73,93.2 3 0
github.com/antonioparicio/numismaticapp/internal/application/mocks/mock_application.go:96.71,98.2 1 0
github.com/antonioparicio/numismaticapp/internal/application/mocks/mock_application.go:101.74,107.2 5 0
github.com/antonioparicio/numismaticapp/internal/application/mocks/mock_application.go:110.78,113.2 2 0
github.com/antonioparicio/numismaticapp/internal/application/mocks/mock_application.go:116.109,122.2 5 0
github.com/antonioparicio/numismaticapp/internal/application/mocks/mock_application.go:125.96,128.2 2 0
github.com/antonioparicio/numismaticapp/internal/application/mocks/mock_background_remover.go:32.79,36.2 3 0
github.com/antonioparicio/numismaticapp/internal/application/mocks/mock_background_remover.go:39.77,41.2 1 0
github.com/antonioparicio/numismaticapp/internal/application/mocks/mock_background_remover.go:44.101,50.2 5 0
github.com/antonioparicio/numismaticapp/internal/application/mocks/mock_background_remover.go:53.92,56.2 2 0
github.com/antonioparicio/numismaticapp/internal/application/mocks/mock_coin_repository.go:34.73,38.2 3 0
github.com/antonioparicio/numismaticapp/internal/application/mocks/mock_coin_repository.go:41.71,43.2 1 0
github.com/antonioparicio/numismaticapp/internal/application/mocks/mock_coin_repository.go:46.90,51.2 4 0
github.com/antonioparicio/numismaticapp/internal/application/mocks/mock_coin_repository.go:54.81,57.2 2 0
github.com/antonioparicio/numismaticapp/internal/application/mocks/mock_coin_repository.go:60.72,66.2 5 0
github.com/antonioparicio/numismaticapp/internal/application/mocks/mock_coin_repository.go:69.71,72.2 2 0
github.com/antonioparicio/numismaticapp/internal/application/mocks/mock_coin_repository.go:75.78,80.2 4 0
github.com/antonioparicio/numismaticapp/internal/application/mocks/mock_coin_repository.go:83.76,86.2 2 0
github.com/antonioparicio/numismaticapp/internal/application/mocks/mock_coin_repository.go:89.87,95.2 5 0
github.com/antonioparicio/numismaticapp/internal/application/mocks/mock_coin_repository.go:98.77,101.2 2 0
github.com/antonioparicio/numismaticapp/internal/application/mocks/mock_coin_repository.go:104.83,110.2 5 0
github.com/antonioparicio/numismaticapp/internal/application/mocks/mock_coin_repository.go:113.78,116.2 2 0
github.com/antonioparicio/numismaticapp/internal/application/mocks/mock_coin_repository.go:119.84,125.2 5 0
github.com/antonioparicio/numismaticapp/internal/application/mocks/mock_coin_repository.go:128.81,131.2 2 0
github.com/antonioparicio/numismaticapp/internal/application/mocks/mock_coin_repository.go:134.95,140.2 5 0
github.com/antonioparicio/numismaticapp/internal/application/mocks/mock_coin_repository.go:143.77,146.2 2 0
github.com/antonioparicio/numismaticapp/internal/application/mocks/mock_coin_repository.go:149.98,155.2 5 0
github.com/antonioparicio/numismaticapp/internal/application/mocks/mock_coin_repository.go:158.88,161.2 2 0
github.com/antonioparicio/numismaticapp/internal/application/mocks/mock_coin_repository.go:164.96,170.2 5 0
github.com/antonioparicio/numismaticapp/internal/application/mocks/mock_coin_repository.go:173.86,176.2 2 0
github.com/antonioparicio/numismaticapp/internal/application/mocks/mock_coin_repository.go:179.96,185.2 5 0
github.com/antonioparicio/numismaticapp/internal/application/mocks/mock_coin_repository.go:188.86,191.2 2 0
github.com/antonioparicio/numismaticapp/internal/application/mocks/mock_coin_repository.go:194.93,200.2 5 0
github.com/antonioparicio/numismaticapp/internal/application/mocks/mock_coin_repository.go:203.79,206.2 2 0
github.com/antonioparicio/numismaticapp/internal/application/mocks/mock_coin_repository.go:209.89,215.2 5 0
github.com/antonioparicio/numismaticapp/internal/application/mocks/mock_coin_repository.go:218.81,221.2 2 0
github.com/antonioparicio/numismaticapp/internal/application/mocks/mock_coin_repository.go:224.99,230.2 5 0
github.com/antonioparicio/numismaticapp/internal/application/mocks/mock_coin_repository.go:233.89,236.2 2 0
github.com/antonioparicio/numismaticapp/internal/application/mocks/mock_coin_repository.go:239.87,245.2 5 0
github.com/antonioparicio/numismaticapp/internal/application/mocks/mock_coin_repository.go:248.79,251.2 2 0
github.com/antonioparicio/numismaticapp/internal/application/mocks/mock_coin_repository.go:254.87,260.2 5 0
github.com/antonioparicio/numismaticapp/internal/application/mocks/mock_coin_repository.go:263.79,266.2 2 0
github.com/antonioparicio/numismaticapp/internal/application/mocks/mock_coin_repository.go:269.101,275.2 5 0
github.com/antonioparicio/numismaticapp/internal/application/mocks/mock_coin_repository.go:278.87,281.2 2 0
github.com/antonioparicio/numismaticapp/internal/application/mocks/mock_coin_repository.go:284.89,290.2 5 0
github.com/antonioparicio/numismaticapp/internal/application/mocks/mock_coin_repository.go:293.81,296.2 2 0
github.com/antonioparicio/numismaticapp/internal/application/mocks/mock_coin_repository.go:299.82,305.2 5 0
github.com/antonioparicio/numismaticapp/internal/application/mocks/mock_coin_repository.go:308.79,311.2 2 0
github.com/antonioparicio/numismaticapp/internal/application/mocks/mock_coin_repository.go:314.114,320.2 5 0
github.com/antonioparicio/numismaticapp/internal/application/mocks/mock_coin_repository.go:323.104,326.2 2 0
github.com/antonioparicio/numismaticapp/internal/application/mocks/mock_coin_repository.go:329.106,335.2 5 0
github.com/antonioparicio/numismaticapp/internal/application/mocks/mock_coin_repository.go:338.78,341.2 2 0
github.com/antonioparicio/numismaticapp/internal/application/mocks/mock_coin_repository.go:344.86,350.2 5 0
github.com/antonioparicio/numismaticapp/internal/application/mocks/mock_coin_repository.go:353.76,356.2 2 0
github.com/antonioparicio/numismaticapp/internal/application/mocks/mock_coin_repository.go:359.91,365.2 5 0
github.com/antonioparicio/numismaticapp/internal/application/mocks/mock_coin_repository.go:368.81,371.2 2 0
github.com/antonioparicio/numismaticapp/internal/application/mocks/mock_coin_repository.go:374.81,379.2 4 0
github.com/antonioparicio/numismaticapp/internal/application/mocks/mock_coin_repository.go:382.76,385.2 2 0
github.com/antonioparicio/numismaticapp/internal/application/mocks/mock_coin_repository.go:388.83,393.2 4 0
github.com/antonioparicio/numismaticapp/internal/application/mocks/mock_coin_repository.go:396.78,399.2 2 0
github.com/antonioparicio/numismaticapp/internal/application/mocks/mock_group_repository.go:33.75,37.2 3 0
github.com/antonioparicio/numismaticapp/internal/application/mocks/mock_group_repository.go:40.73,42.2 1 0
github.com/antonioparicio/numismaticapp/internal/application/mocks/mock_group_repository.go:45.108,51.2 5 0
github.com/antonioparicio/numismaticapp/internal/application/mocks/mock_group_repository.go:54.92,57.2 2 0
github.com/antonioparicio/numismaticapp/internal/application/mocks/mock_group_repository.go:60.73,65.2 4 0
github.com/antonioparicio/numismaticapp/internal/application/mocks/mock_group_repository.go:68.77,71.2 2 0
github.com/antonioparicio/numismaticapp/internal/application/mocks/mock_group_repository.go:74.98,80.2 5 0
github.com/antonioparicio/numismaticapp/internal/application/mocks/mock_group_repository.go:83.82,86.2 2 0
github.com/antonioparicio/numismaticapp/internal/application/mocks/mock_group_repository.go:89.82,95.2 5 0
github.com/antonioparicio/numismaticapp/internal/application/mocks/mock_group_repository.go:98.71,101.2 2 0
github.com/antonioparicio/numismaticapp/internal/application/mocks/mock_group_repository.go:104.86,109.2 4 0
github.com/antonioparicio/numismaticapp/internal/application/mocks/mock_group_repository.go:112.80,115.2 2 0
github.com/antonioparicio/numismaticapp/internal/application/mocks/mock_image_service.go:31.69,35.2 3 0
github.com/antonioparicio/numismaticapp/internal/application/mocks/mock_image_service.go:38.67,40.2 1 0
github.com/antonioparicio/numismaticapp/internal/application/mocks/mock_image_service.go:43.75,49.2 5 0
github.com/antonioparicio/numismaticapp/internal/application/mocks/mock_image_service.go:52.82,55.2 2 0
github.com/antonioparicio/numismaticapp/internal/application/mocks/mock_image_service.go:58.72,64.2 5 0
github.com/antonioparicio/numismaticapp/internal/application/mocks/mock_image_service.go:67.79,70.2 2 0
github.com/antonioparicio/numismaticapp/internal/application/mocks/mock_image_service.go:73.91,79.2 5 0
github.com/antonioparicio/numismaticapp/internal/application/mocks/mock_image_service.go:82.94,85.2 2 0
github.com/antonioparicio/numismaticapp/internal/application/mocks/mock_image_service.go:88.91,97.2 8 0
github.com/antonioparicio/numismaticapp/internal/application/mocks/mock_image_service.go:100.81,103.2 2 0
github.com/antonioparicio/numismaticapp/internal/application/mocks/mock_image_service.go:106.98,113.2 6 0
github.com/antonioparicio/numismaticapp/internal/application/mocks/mock_image_service.go:116.97,119.2 2 0
github.com/antonioparicio/numismaticapp/internal/application/mocks/mock_image_service.go:122.74,127.2 4 0
github.com/antonioparicio/numismaticapp/internal/application/mocks/mock_image_service.go:130.83,133.2 2 0
github.com/antonioparicio/numismaticapp/internal/infrastructure/numista/client.go:19.39,25.2 1 0
github.com/antonioparicio/numismaticapp/internal/infrastructure/numista/client.go:48.129,49.20 1 0
github.com/antonioparicio/numismaticapp/internal/infrastructure/numista/client.go:49.20,51.3 1 0
github.com/antonioparicio/numismaticapp/internal/infrastructure/numista/client.go:53.2,54.16 2 0
github.com/antonioparicio/numismaticapp/internal/infrastructure/numista/client.go:54.16,56.3 1 0
github.com/antonioparicio/numismaticapp/internal/infrastructure/numista/client.go:58.2,61.16 4 0
github.com/antonioparicio/numismaticapp/internal/infrastructure/numista/client.go:61.16,63.3 1 0
github.com/antonioparicio/numismaticapp/internal/infrastructure/numista/client.go:64.2,64.15 1 0
github.com/antonioparicio/numismaticapp/internal/infrastructure/numista/client.go:64.15,66.3 1 0
github.com/antonioparicio/numismaticapp/internal/infrastructure/numista/client.go:66.8,68.3 1 0
github.com/antonioparicio/numismaticapp/internal/infrastructure/numista/client.go:73.2,78.16 4 0
github.com/antonioparicio/numismaticapp/internal/infrastructure/numista/client.go:78.16,80.3 1 0
github.com/antonioparicio/numismaticapp/internal/infrastructure/numista/client.go:81.2,84.16 3 0
github.com/antonioparicio/numismaticapp/internal/infrastructure/numista/client.go:84.16,86.3 1 0
github.com/antonioparicio/numismaticapp/internal/infrastructure/numista/client.go:87.2,87.15 1 0
github.com/antonioparicio/numismaticapp/internal/infrastructure/numista/client.go:87.15,88.43 1 0
github.com/antonioparicio/numismaticapp/internal/infrastructure/numista/client.go:88.43,90.4 1 0
github.com/antonioparicio/numismaticapp/internal/infrastructure/numista/client.go:93.2,93.38 1 0
github.com/antonioparicio/numismaticapp/internal/infrastructure/numista/client.go:93.38,96.3 2 0
github.com/antonioparicio/numismaticapp/internal/infrastructure/numista/client.go:98.2,99.71 2 0
github.com/antonioparicio/numismaticapp/internal/infrastructure/numista/client.go:99.71,101.3 1 0
github.com/antonioparicio/numismaticapp/internal/infrastructure/numista/client.go:103.2,103.25 1 0
github.com/antonioparicio/numismaticapp/internal/infrastructure/numista/client.go:106.79,107.20 1 0
github.com/antonioparicio/numismaticapp/internal/infrastructure/numista/client.go:107.20,109.3 1 0
github.com/antonioparicio/numismaticapp/internal/infrastructure/numista/client.go:111.2,112.16 2 0
github.com/antonioparicio/numismaticapp/internal/infrastructure/numista/client.go:112.16,114.3 1 0
github.com/antonioparicio/numismaticapp/internal/infrastructure/numista/client.go:116.2,121.16 5 0
github.com/antonioparicio/numismaticapp/internal/infrastructure/numista/client.go:121.16,123.3 1 0
github.com/antonioparicio/numismaticapp/internal/infrastructure/numista/client.go:124.2,127.16 3 0
github.com/antonioparicio/numismaticapp/internal/infrastructure/numista/client.go:127.16,129.3 1 0
github.com/antonioparicio/numismaticapp/internal/infrastructure/numista/client.go:130.2,130.15 1 0
github.com/antonioparicio/numismaticapp/internal/infrastructure/numista/client.go:130.15,131.43 1 0
github.com/antonioparicio/numismaticapp/internal/infrastructure/numista/client.go:131.43,133.4 1 0
github.com/antonioparicio/numismaticapp/internal/infrastructure/numista/client.go:136.2,136.38 1 0
github.com/antonioparicio/numismaticapp/internal/infrastructure/numista/client.go:136.38,139.3 2 0
github.com/antonioparicio/numismaticapp/internal/infrastructure/numista/client.go:141.2,142.72 2 0
github.com/antonioparicio/numismaticapp/internal/infrastructure/numista/client.go:142.72,144.3 1 0
github.com/antonioparicio/numismaticapp/internal/infrastructure/numista/client.go:146.2,146.25 1 0
github.com/antonioparicio/numismaticapp/internal/infrastructure/gemini/client.go:25.93,27.16 2 0
github.com/antonioparicio/numismaticapp/internal/infrastructure/gemini/client.go:27.16,29.3 1 0
github.com/antonioparicio/numismaticapp/internal/infrastructure/gemini/client.go:31.2,33.8 1 0
github.com/antonioparicio/numismaticapp/internal/infrastructure/gemini/client.go:36.39,38.2 1 0
github.com/antonioparicio/numismaticapp/internal/infrastructure/gemini/client.go:40.91,43.70 2 0
github.com/antonioparicio/numismaticapp/internal/infrastructure/gemini/client.go:43.70,46.3 2 0
github.com/antonioparicio/numismaticapp/internal/infrastructure/gemini/client.go:47.2,53.70 4 0
github.com/antonioparicio/numismaticapp/internal/infrastructure/gemini/client.go:53.70,55.3 1 0
github.com/antonioparicio/numismaticapp/internal/infrastructure/gemini/client.go:57.2,59.6 3 0
github.com/antonioparicio/numismaticapp/internal/infrastructure/gemini/client.go:59.6,61.27 2 0
github.com/antonioparicio/numismaticapp/internal/infrastructure/gemini/client.go:61.27,62.9 1 0
github.com/antonioparicio/numismaticapp/internal/infrastructure/gemini/client.go:64.3,64.17 1 0
github.com/antonioparicio/numismaticapp/internal/infrastructure/gemini/client.go:64.17,66.4 1 0
github.com/antonioparicio/numismaticapp/internal/infrastructure/gemini/client.go:69.3,69.156 1 0
github.com/antonioparicio/numismaticapp/internal/infrastructure/gemini/client.go:69.156,71.56 2 0
github.com/antonioparicio/numismaticapp/internal/infrastructure/gemini/client.go:71.56,72.36 1 0
github.com/antonioparicio/numismaticapp/internal/infrastructure/gemini/client.go:72.36,74.11 2 0
github.com/antonioparicio/numismaticapp/internal/infrastructure/gemini/client.go:77.4,77.17 1 0
github.com/antonioparicio/numismaticapp/internal/infrastructure/gemini/client.go:77.17,83.5 2 0
github.com/antonioparicio/numismaticapp/internal/infrastructure/gemini/client.go:87.2,90.20 3 0
github.com/antonioparicio/numismaticapp/internal/infrastructure/gemini/client.go:93.184,95.16 2 0
github.com/antonioparicio/numismaticapp/internal/infrastructure/gemini/client.go:95.16,97.3 1 0
github.com/antonioparicio/numismaticapp/internal/infrastructure/gemini/client.go:99.2,100.16 2 0
github.com/antonioparicio/numismaticapp/internal/infrastructure/gemini/client.go:100.16,102.3 1 0
github.com/antonioparicio/numismaticapp/internal/infrastructure/gemini/client.go:104.2,104.21 1 0
github.com/antonioparicio/numismaticapp/internal/infrastructure/gemini/client.go:104.21,106.3 1 0
github.com/antonioparicio/numismaticapp/internal/infrastructure/gemini/client.go:109.2,120.16 6 0
github.com/antonioparicio/numismaticapp/internal/infrastructure/gemini/client.go:120.16,122.3 1 0
github.com/antonioparicio/numismaticapp/internal/infrastructure/gemini/client.go:124.2,124.68 1 0
github.com/antonioparicio/numismaticapp/internal/infrastructure/gemini/client.go:124.68,126.3 1 0
github.com/antonioparicio/numismaticapp/internal/infrastructure/gemini/client.go:129.2,130.56 2 0
github.com/antonioparicio/numismaticapp/internal/infrastructure/gemini/client.go:130.56,131.39 1 0
github.com/antonioparicio/numismaticapp/internal/infrastructure/gemini/client.go:131.39,133.4 1 0
github.com/antonioparicio/numismaticapp/internal/infrastructure/gemini/client.go:137.2,143.70 6 0
github.com/antonioparicio/numismaticapp/internal/infrastructure/gemini/client.go:143.70,145.3 1 0
github.com/antonioparicio/numismaticapp/internal/infrastructure/gemini/client.go:148.2,152.21 4 0
github.com/antonioparicio/numismaticapp/internal/infrastructure/gemini/prompt.go:7.44,9.2 1 0
github.com/antonioparicio/numismaticapp/internal/infrastructure/gemini/prompt.go:11.57,13.35 2 0
github.com/antonioparicio/numismaticapp/internal/infrastructure/gemini/prompt.go:13.35,15.3 1 0
github.com/antonioparicio/numismaticapp/internal/infrastructure/gemini/prompt.go:17.2,17.29 1 0
github.com/antonioparicio/numismaticapp/internal/infrastructure/gemini/prompt.go:20.53,50.2 1 0
github.com/antonioparicio/numismaticapp/internal/infrastructure/gemini/prompt.go:52.53,82.2 1 0
github.com/antonioparicio/numismaticapp/internal/infrastructure/db/coins.sql.go:18.66,23.2 4 0
github.com/antonioparicio/numismaticapp/internal/infrastructure/db/coins.sql.go:82.87,163.2 4 0
github.com/antonioparicio/numismaticapp/internal/infrastructure/db/coins.sql.go:170.73,173.2 2 0
github.com/antonioparicio/numismaticapp/internal/infrastructure/db/coins.sql.go:179.68,181.16 2 0
github.com/antonioparicio/numismaticapp/internal/infrastructure/db/coins.sql.go:181.16,183.3 1 0
github.com/antonioparicio/numismaticapp/internal/infrastructure/db/coins.sql.go:184.2,186.18 3 0
github.com/antonioparicio/numismaticapp/internal/infrastructure/db/coins.sql.go:186.18,227.17 2 0
github.com/antonioparicio/numismaticapp/internal/infrastructure/db/coins.sql.go:227.17,229.4 1 0
github.com/antonioparicio/numismaticapp/internal/infrastructure/db/coins.sql.go:230.3,230.27 1 0
github.com/antonioparicio/numismaticapp/internal/infrastructure/db/coins.sql.go:232.2,232.35 1 0
github.com/antonioparicio/numismaticapp/internal/infrastructure/db/coins.sql.go:232.35,234.3 1 0
github.com/antonioparicio/numismaticapp/internal/infrastructure/db/coins.sql.go:235.2,235.19 1 0
github.com/antonioparicio/numismaticapp/internal/infrastructure/db/coins.sql.go:242.79,244.16 2 0
github.com/antonioparicio/numismaticapp/internal/infrastructure/db/coins.sql.go:244.16,246.3 1 0
github.com/antonioparicio/numismaticapp/internal/infrastructure/db/coins.sql.go:247.2,249.18 3 0
github.com/antonioparicio/numismaticapp/internal/infrastructure/db/coins.sql.go:249.18,251.47 2 0
github.com/antonioparicio/numismaticapp/internal/infrastructure/db/coins.sql.go:251.47,253.4 1 0
github.com/antonioparicio/numismaticapp/internal/infrastructure/db/coins.sql.go:254.3,254.35 1 0
github.com/antonioparicio/numismaticapp/internal/infrastructure/db/coins.sql.go:256.2,256.35 1 0
github.com/antonioparicio/numismaticapp/internal/infrastructure/db/coins.sql.go:256.35,258.3 1 0
github.com/antonioparicio/numismaticapp/internal/infrastructure/db/coins.sql.go:259.2,259.19 1 0
github.com/antonioparicio/numismaticapp/internal/infrastructure/db/coins.sql.go:266.73,271.2 4 0
github.com/antonioparicio/numismaticapp/internal/infrastructure/db/coins.sql.go:278.78,322.2 4 0
github.com/antonioparicio/numismaticapp/internal/infrastructure/db/coins.sql.go:333.100,335.16 2 0
github.com/antonioparicio/numismaticapp/internal/infrastructure/db/coins.sql.go:335.16,337.3 1 0
github.com/antonioparicio/numismaticapp/internal/infrastructure/db/coins.sql.go:338.2,340.18 3 0
github.com/antonioparicio/numismaticapp/internal/infrastructure/db/coins.sql.go:340.18,342.57 2 0
github.com/antonioparicio/numismaticapp/internal/infrastructure/db/coins.sql.go:342.57,344.4 1 0
github.com/antonioparicio/numismaticapp/internal/infrastructure/db/coins.sql.go:345.3,345.27 1 0
github.com/antonioparicio/numismaticapp/internal/infrastructure/db/coins.sql.go:347.2,347.35 1 0
github.com/antonioparicio/numismaticapp/internal/infrastructure/db/coins.sql.go:347.35,349.3 1 0
github.com/antonioparicio/numismaticapp/internal/infrastructure/db/coins.sql.go:350.2,350.19 1 0
github.com/antonioparicio/numismaticapp/internal/infrastructure/db/coins.sql.go:366.96,368.16 2 0
github.com/antonioparicio/numismaticapp/internal/infrastructure/db/coins.sql.go:368.16,370.3 1 0
github.com/antonioparicio/numismaticapp/internal/infrastructure/db/coins.sql.go:371.2,373.18 3 0
github.com/antonioparicio/numismaticapp/internal/infrastructure/db/coins.sql.go:373.18,375.55 2 0
github.com/antonioparicio/numismaticapp/internal/infrastructure/db/coins.sql.go:375.55,377.4 1 0
github.com/antonioparicio/numismaticapp/internal/infrastructure/db/coins.sql.go:378.3,378.27 1 0
github.com/antonioparicio/numismaticapp/internal/infrastructure/db/coins.sql.go:380.2,380.35 1 0
github.com/antonioparicio/numismaticapp/internal/infrastructure/db/coins.sql.go:380.35,382.3 1 0
github.com/antonioparicio/numismaticapp/internal/infrastructure/db/coins.sql.go:383.2,383.19 1 0
github.com/antonioparicio/numismaticapp/internal/infrastructure/db/coins.sql.go:398.96,400.16 2 0
github.com/antonioparicio/numismaticapp/internal/infrastructure/db/coins.sql.go:400.16,402.3 1 0
github.com/antonioparicio/numismaticapp/internal/infrastructure/db/coins.sql.go:403.2,405.18 3 0
github.com/antonioparicio/numismaticapp/internal/infrastructure/db/coins.sql.go:405.18,407.59 2 0
github.com/antonioparicio/numismaticapp/internal/infrastructure/db/coins.sql.go:407.59,409.4 1 0
github.com/antonioparicio/numismaticapp/internal/infrastructure/db/coins.sql.go:410.3,410.27 1 0
github.com/antonioparicio/numismaticapp/internal/infrastructure/db/coins.sql.go:412.2,412.35 1 0
github.com/antonioparicio/numismaticapp/internal/infrastructure/db/coins.sql.go:412.35,414.3 1 0
github.com/antonioparicio/numismaticapp/internal/infrastructure/db/coins.sql.go:415.2,415.19 1 0
github.com/antonioparicio/numismaticapp/internal/infrastructure/db/coins.sql.go:439.82,441.16 2 0
github.com/antonioparicio/numismaticapp/internal/infrastructure/db/coins.sql.go:441.16,443.3 1 0
github.com/antonioparicio/numismaticapp/internal/infrastructure/db/coins.sql.go:444.2,446.18 3 0
github.com/antonioparicio/numismaticapp/internal/infrastructure/db/coins.sql.go:446.18,454.17 2 0
github.com/antonioparicio/numismaticapp/internal/infrastructure/db/coins.sql.go:454.17,456.4 1 0
github.com/antonioparicio/numismaticapp/internal/infrastructure/db/coins.sql.go:457.3,457.27 1 0
github.com/antonioparicio/numismaticapp/internal/infrastructure/db/coins.sql.go:459.2,459.35 1 0
github.com/antonioparicio/numismaticapp/internal/infrastructure/db/coins.sql.go:459.35,461.3 1 0
github.com/antonioparicio/numismaticapp/internal/infrastructure/db/coins.sql.go:462.2,462.19 1 0
github.com/antonioparicio/numismaticapp/internal/infrastructure/db/coins.sql.go:469.70,513.2 4 0
github.com/antonioparicio/numismaticapp/internal/infrastructure/db/coins.sql.go:528.102,530.16 2 0
github.com/antonioparicio/numismaticapp/internal/infrastructure/db/coins.sql.go:530.16,532.3 1 0
github.com/antonioparicio/numismaticapp/internal/infrastructure/db/coins.sql.go:533.2,535.18 3 0
github.com/antonioparicio/numismaticapp/internal/infrastructure/db/coins.sql.go:535.18,537.58 2 0
github.com/antonioparicio/numismaticapp/internal/infrastructure/db/coins.sql.go:537.58,539.4 1 0
github.com/antonioparicio/numismaticapp/internal/infrastructure/db/coins.sql.go:540.3,540.27 1 0
github.com/antonioparicio/numismaticapp/internal/infrastructure/db/coins.sql.go:542.2,542.35 1 0
github.com/antonioparicio/numismaticapp/internal/infrastructure/db/coins.sql.go:542.35,544.3 1 0
github.com/antonioparicio/numismaticapp/internal/infrastructure/db/coins.sql.go:545.2,545.19 1 0
github.com/antonioparicio/numismaticapp/internal/infrastructure/db/coins.sql.go:552.68,596.2 4 0
github.com/antonioparicio/numismaticapp/internal/infrastructure/db/coins.sql.go:602.68,646.2 4 0
github.com/antonioparicio/numismaticapp/internal/infrastructure/db/coins.sql.go:652.84,654.16 2 0
github.com/antonioparicio/numismaticapp/internal/infrastructure/db/coins.sql.go:654.16,656.3 1 0
github.com/antonioparicio/numismaticapp/internal/infrastructure/db/coins.sql.go:657.2,659.18 3 0
github.com/antonioparicio/numismaticapp/internal/infrastructure/db/coins.sql.go:659.18,700.17 2 0
github.com/antonioparicio/numismaticapp/internal/infrastructure/db/coins.sql.go:700.17,702.4 1 0
github.com/antonioparicio/numismaticapp/internal/infrastructure/db/coins.sql.go:703.3,703.27 1 0
github.com/antonioparicio/numismaticapp/internal/infrastructure/db/coins.sql.go:705.2,705.35 1 0
github.com/antonioparicio/numismaticapp/internal/infrastructure/db/coins.sql.go:705.35,707.3 1 0
github.com/antonioparicio/numismaticapp/internal/infrastructure/db/coins.sql.go:708.2,708.19 1 0
github.com/antonioparicio/numismaticapp/internal/infrastructure/db/coins.sql.go:715.70,759.2 4 0
github.com/antonioparicio/numismaticapp/internal/infrastructure/db/coins.sql.go:765.71,770.2 4 0
github.com/antonioparicio/numismaticapp/internal/infrastructure/db/coins.sql.go:776.104,781.2 4 0
github.com/antonioparicio/numismaticapp/internal/infrastructure/db/coins.sql.go:832.87,845.16 2 0
github.com/antonioparicio/numismaticapp/internal/infrastructure/db/coins.sql.go:845.16,847.3 1 0
github.com/antonioparicio/numismaticapp/internal/infrastructure/db/coins.sql.go:848.2,850.18 3 0
github.com/antonioparicio/numismaticapp/internal/infrastructure/db/coins.sql.go:850.18,891.17 2 0
github.com/antonioparicio/numismaticapp/internal/infrastructure/db/coins.sql.go:891.17,893.4 1 0
github.com/antonioparicio/numismaticapp/internal/infrastructure/db/coins.sql.go:894.3,894.27 1 0
github.com/antonioparicio/numismaticapp/internal/infrastructure/db/coins.sql.go:896.2,896.35 1 0
github.com/antonioparicio/numismaticapp/internal/infrastructure/db/coins.sql.go:896.35,898.3 1 0
github.com/antonioparicio/numismaticapp/internal/infrastructure/db/coins.sql.go:899.2,899.19 1 0
github.com/antonioparicio/numismaticapp/internal/infrastructure/db/coins.sql.go:908.72,910.16 2 0
github.com/antonioparicio/numismaticapp/internal/infrastructure/db/coins.sql.go:910.16,912.3 1 0
github.com/antonioparicio/numismaticapp/internal/infrastructure/db/coins.sql.go:913.2,915.18 3 0
github.com/antonioparicio/numismaticapp/internal/infrastructure/db/coins.sql.go:915.18,956.17 2 0
github.com/antonioparicio/numismaticapp/internal/infrastructure/db/coins.sql.go:956.17,958.4 1 0
github.com/antonioparicio/numismaticapp/internal/infrastructure/db/coins.sql.go:959.3,959.27 1 0
github.com/antonioparicio/numismaticapp/internal/infrastructure/db/coins.sql.go:961.2,961.35 1 0
github.com/antonioparicio/numismaticapp/internal/infrastructure/db/coins.sql.go:961.35,963.3 1 0
github.com/antonioparicio/numismaticapp/internal/infrastructure/db/coins.sql.go:964.2,964.19 1 0
github.com/antonioparicio/numismaticapp/internal/infrastructure/db/coins.sql.go:973.77,975.16 2 0
github.com/antonioparicio/numismaticapp/internal/infrastructure/db/coins.sql.go:975.16,977.3 1 0
github.com/antonioparicio/numismaticapp/internal/infrastructure/db/coins.sql.go:978.2,980.18 3 0
github.com/antonioparicio/numismaticapp/internal/infrastructure/db/coins.sql.go:980.18,1021.17 2 0
github.com/antonioparicio/numismaticapp/internal/infrastructure/db/coins.sql.go:1021.17,1023.4 1 0
github.com/antonioparicio/numismaticapp/internal/infrastructure/db/coins.sql.go:1024.3,1024.27 1 0
github.com/antonioparicio/numismaticapp/internal/infrastructure/db/coins.sql.go:1026.2,1026.35 1 0
github.com/antonioparicio/numismaticapp/internal/infrastructure/db/coins.sql.go:1026.35,1028.3 1 0
github.com/antonioparicio/numismaticapp/internal/infrastructure/db/coins.sql.go:1029.2,1029.19 1 0
github.com/antonioparicio/numismaticapp/internal/infrastructure/db/coins.sql.go:1114.87,1195.2 4 0
github.com/antonioparicio/numismaticapp/internal/infrastructure/db/db.go:20.28,22.2 1 0
github.com/antonioparicio/numismaticapp/internal/infrastructure/db/db.go:28.46,32.2 1 0
github.com/antonioparicio/numismaticapp/internal/infrastructure/db/groups.sql.go:25.90,35.2 4 0
github.com/antonioparicio/numismaticapp/internal/infrastructure/db/groups.sql.go:42.68,45.2 2 0
github.com/antonioparicio/numismaticapp/internal/infrastructure/db/groups.sql.go:52.83,62.2 4 0
github.com/antonioparicio/numismaticapp/internal/infrastructure/db/groups.sql.go:69.68,71.16 2 0
github.com/antonioparicio/numismaticapp/internal/infrastructure/db/groups.sql.go:71.16,73.3 1 0
github.com/antonioparicio/numismaticapp/internal/infrastructure/db/groups.sql.go:74.2,76.18 3 0
github.com/antonioparicio/numismaticapp/internal/infrastructure/db/groups.sql.go:76.18,83.17 2 0
github.com/antonioparicio/numismaticapp/internal/infrastructure/db/groups.sql.go:83.17,85.4 1 0
github.com/antonioparicio/numismaticapp/internal/infrastructure/db/groups.sql.go:86.3,86.27 1 0
github.com/antonioparicio/numismaticapp/internal/infrastructure/db/groups.sql.go:88.2,88.35 1 0
github.com/antonioparicio/numismaticapp/internal/infrastructure/db/groups.sql.go:88.35,90.3 1 0
github.com/antonioparicio/numismaticapp/internal/infrastructure/db/groups.sql.go:91.2,91.19 1 0
github.com/antonioparicio/numismaticapp/internal/infrastructure/db/groups.sql.go:107.90,117.2 4 0
github.com/antonioparicio/numismaticapp/internal/infrastructure/db/images.sql.go:44.102,74.2 4 0
github.com/antonioparicio/numismaticapp/internal/infrastructure/db/images.sql.go:82.104,84.16 2 0
github.com/antonioparicio/numismaticapp/internal/infrastructure/db/images.sql.go:84.16,86.3 1 0
github.com/antonioparicio/numismaticapp/internal/infrastructure/db/images.sql.go:87.2,89.18 3 0
github.com/antonioparicio/numismaticapp/internal/infrastructure/db/images.sql.go:89.18,105.17 2 0
github.com/antonioparicio/numismaticapp/internal/infrastructure/db/images.sql.go:105.17,107.4 1 0
github.com/antonioparicio/numismaticapp/internal/infrastructure/db/images.sql.go:108.3,108.27 1 0
github.com/antonioparicio/numismaticapp/internal/infrastructure/db/images.sql.go:110.2,110.35 1 0
github.com/antonioparicio/numismaticapp/internal/infrastructure/db/images.sql.go:110.35,112.3 1 0
github.com/antonioparicio/numismaticapp/internal/infrastructure/db/images.sql.go:113.2,113.19 1 0
github.com/antonioparicio/numismaticapp/internal/infrastructure/db/images.sql.go:122.109,124.16 2 0
github.com/antonioparicio/numismaticapp/internal/infrastructure/db/images.sql.go:124.16,126.3 1 0
github.com/antonioparicio/numismaticapp/internal/infrastructure/db/images.sql.go:127.2,129.18 3 0
github.com/antonioparicio/numismaticapp/internal/infrastructure/db/images.sql.go:129.18,145.17 2 0
github.com/antonioparicio/numismaticapp/internal/infrastructure/db/images.sql.go:145.17,147.4 1 0
github.com/antonioparicio/numismaticapp/internal/infrastructure/db/images.sql.go:148.3,148.27 1 0
github.com/antonioparicio/numismaticapp/internal/infrastructure/db/images.sql.go:150.2,150.35 1 0
github.com/antonioparicio/numismaticapp/internal/infrastructure/db/images.sql.go:150.35,152.3 1 0
github.com/antonioparicio/numismaticapp/internal/infrastructure/db/images.sql.go:153.2,153.19 1 0
github.com/antonioparicio/numismaticapp/internal/infrastructure/db/models.go:21.48,22.25 1 0
github.com/antonioparicio/numismaticapp/internal/infrastructure/db/models.go:23.14,24.19 1 0
github.com/antonioparicio/numismaticapp/internal/infrastructure/db/models.go:25.14,26.19 1 0
github.com/antonioparicio/numismaticapp/internal/infrastructure/db/models.go:27.10,28.67 1 0
github.com/antonioparicio/numismaticapp/internal/infrastructure/db/models.go:30.2,30.12 1 0
github.com/antonioparicio/numismaticapp/internal/infrastructure/db/models.go:39.55,40.18 1 0
github.com/antonioparicio/numismaticapp/internal/infrastructure/db/models.go:40.18,43.3 2 0
github.com/antonioparicio/numismaticapp/internal/infrastructure/db/models.go:44.2,45.32 2 0
github.com/antonioparicio/numismaticapp/internal/infrastructure/db/models.go:49.54,50.15 1 0
github.com/antonioparicio/numismaticapp/internal/infrastructure/db/models.go:50.15,52.3 1 0
github.com/antonioparicio/numismaticapp/internal/infrastructure/db/models.go:53.2,53.33 1 0
github.com/antonioparicio/numismaticapp/internal/infrastructure/db/models.go:65.49,66.25 1 0
github.com/antonioparicio/numismaticapp/internal/infrastructure/db/models.go:67.14,68.20 1 0
github.com/antonioparicio/numismaticapp/internal/infrastructure/db/models.go:69.14,70.20 1 0
github.com/antonioparicio/numismaticapp/internal/infrastructure/db/models.go:71.10,72.68 1 0
github.com/antonioparicio/numismaticapp/internal/infrastructure/db/models.go:74.2,74.12 1 0
github.com/antonioparicio/numismaticapp/internal/infrastructure/db/models.go:83.56,84.18 1 0
github.com/antonioparicio/numismaticapp/internal/infrastructure/db/models.go:84.18,87.3 2 0
github.com/antonioparicio/numismaticapp/internal/infrastructure/db/models.go:88.2,89.33 2 0
github.com/antonioparicio/numismaticapp/internal/infrastructure/db/models.go:93.55,94.15 1 0
github.com/antonioparicio/numismaticapp/internal/infrastructure/db/models.go:94.15,96.3 1 0
github.com/antonioparicio/numismaticapp/internal/infrastructure/db/models.go:97.2,97.34 1 0
github.com/antonioparicio/numismaticapp/internal/infrastructure/migrator.go:22.62,24.2 1 0
github.com/antonioparicio/numismaticapp/internal/infrastructure/migrator.go:26.69,28.52 1 0
github.com/antonioparicio/numismaticapp/internal/infrastructure/migrator.go:28.52,30.3 1 0
github.com/antonioparicio/numismaticapp/internal/infrastructure/migrator.go:33.2,34.16 2 0
github.com/antonioparicio/numismaticapp/internal/infrastructure/migrator.go:34.16,36.3 1 0
github.com/antonioparicio/numismaticapp/internal/infrastructure/migrator.go:39.2,40.16 2 0
github.com/antonioparicio/numismaticapp/internal/infrastructure/migrator.go:40.16,42.3 1 0
github.com/antonioparicio/numismaticapp/internal/infrastructure/migrator.go:44.2,44.23 1 0
github.com/antonioparicio/numismaticapp/internal/infrastructure/migrator.go:44.23,47.3 2 0
github.com/antonioparicio/numismaticapp/internal/infrastructure/migrator.go:50.2,50.28 1 0
github.com/antonioparicio/numismaticapp/internal/infrastructure/migrator.go:50.28,52.50 2 0
github.com/antonioparicio/numismaticapp/internal/infrastructure/migrator.go:52.50,54.4 1 0
github.com/antonioparicio/numismaticapp/internal/infrastructure/migrator.go:57.2,58.12 2 0
github.com/antonioparicio/numismaticapp/internal/infrastructure/migrator.go:61.76,71.2 3 0
github.com/antonioparicio/numismaticapp/internal/infrastructure/migrator.go:73.94,75.16 2 0
github.com/antonioparicio/numismaticapp/internal/infrastructure/migrator.go:75.16,77.3 1 0
github.com/antonioparicio/numismaticapp/internal/infrastructure/migrator.go:78.2,81.18 3 0
github.com/antonioparicio/numismaticapp/internal/infrastructure/migrator.go:81.18,83.45 2 0
github.com/antonioparicio/numismaticapp/internal/infrastructure/migrator.go:83.45,85.4 1 0
github.com/antonioparicio/numismaticapp/internal/infrastructure/migrator.go:86.3,86.26 1 0
github.com/antonioparicio/numismaticapp/internal/infrastructure/migrator.go:88.2,88.21 1 0
github.com/antonioparicio/numismaticapp/internal/infrastructure/migrator.go:97.98,101.16 3 0
github.com/antonioparicio/numismaticapp/internal/infrastructure/migrator.go:101.16,103.3 1 0
github.com/antonioparicio/numismaticapp/internal/infrastructure/migrator.go:105.2,105.26 1 0
github.com/antonioparicio/numismaticapp/internal/infrastructure/migrator.go:105.26,106.16 1 0
github.com/antonioparicio/numismaticapp/internal/infrastructure/migrator.go:106.16,107.12 1 0
[...]
github.com/antonioparicio/numismaticapp/internal/infrastructure/postgres.go:329.2,330.16 2 0
github.com/antonioparicio/numismaticapp/internal/infrastructure/postgres.go:330.16,332.3 1 0
github.com/antonioparicio/numismaticapp/internal/infrastructure/postgres.go:333.2,334.18 2 0
github.com/antonioparicio/numismaticapp/internal/infrastructure/postgres.go:337.91,339.16 2 0
github.com/antonioparicio/numismaticapp/internal/infrastructure/postgres.go:339.16,341.3 1 0
github.com/antonioparicio/numismaticapp/internal/infrastructure/postgres.go:342.2,343.16 2 0
github.com/antonioparicio/numismaticapp/internal/infrastructure/postgres.go:343.16,345.3 1 0
github.com/antonioparicio/numismaticapp/internal/infrastructure/postgres.go:346.2,347.16 2 0
github.com/antonioparicio/numismaticapp/internal/infrastructure/postgres.go:347.16,349.3 1 0
github.com/antonioparicio/numismaticapp/internal/infrastructure/postgres.go:350.2,351.18 2 0
github.com/antonioparicio/numismaticapp/internal/infrastructure/postgres.go:354.91,356.16 2 0
github.com/antonioparicio/numismaticapp/internal/infrastructure/postgres.go:356.16,358.3 1 0
github.com/antonioparicio/numismaticapp/internal/infrastructure/postgres.go:362.2,363.27 2 0
github.com/antonioparicio/numismaticapp/internal/infrastructure/postgres.go:363.27,365.17 2 0
github.com/antonioparicio/numismaticapp/internal/infrastructure/postgres.go:365.17,367.4 1 0
github.com/antonioparicio/numismaticapp/internal/infrastructure/postgres.go:368.3,368.15 1 0
github.com/antonioparicio/numismaticapp/internal/infrastructure/postgres.go:370.2,370.19 1 0
github.com/antonioparicio/numismaticapp/internal/infrastructure/postgres.go:374.107,375.20 1 0
github.com/antonioparicio/numismaticapp/internal/infrastructure/postgres.go:375.20,377.3 1 0
github.com/antonioparicio/numismaticapp/internal/infrastructure/postgres.go:379.2,383.27 4 0
github.com/antonioparicio/numismaticapp/internal/infrastructure/postgres.go:383.27,385.17 2 0
github.com/antonioparicio/numismaticapp/internal/infrastructure/postgres.go:385.17,387.4 1 0
github.com/antonioparicio/numismaticapp/internal/infrastructure/postgres.go:388.3,391.20 4 0
github.com/antonioparicio/numismaticapp/internal/infrastructure/postgres.go:395.2,396.16 2 0
github.com/antonioparicio/numismaticapp/internal/infrastructure/postgres.go:396.16,398.3 1 0
github.com/antonioparicio/numismaticapp/internal/infrastructure/postgres.go:401.2,401.45 1 0
github.com/antonioparicio/numismaticapp/internal/infrastructure/postgres.go:401.45,402.50 1 0
github.com/antonioparicio/numismaticapp/internal/infrastructure/postgres.go:402.50,404.4 1 0
github.com/antonioparicio/numismaticapp/internal/infrastructure/postgres.go:407.2,407.19 1 0
github.com/antonioparicio/numismaticapp/internal/infrastructure/postgres.go:410.87,413.16 2 0
github.com/antonioparicio/numismaticapp/internal/infrastructure/postgres.go:413.16,415.3 1 0
github.com/antonioparicio/numismaticapp/internal/infrastructure/postgres.go:417.2,418.16 2 0
github.com/antonioparicio/numismaticapp/internal/infrastructure/postgres.go:418.16,420.3 1 0
github.com/antonioparicio/numismaticapp/internal/infrastructure/postgres.go:422.2,458.16 3 0
github.com/antonioparicio/numismaticapp/internal/infrastructure/postgres.go:458.16,460.3 1 0
github.com/antonioparicio/numismaticapp/internal/infrastructure/postgres.go:462.2,463.12 2 0
github.com/antonioparicio/numismaticapp/internal/infrastructure/postgres.go:466.82,468.2 1 0
github.com/antonioparicio/numismaticapp/internal/infrastructure/postgres.go:476.78,480.2 1 0
github.com/antonioparicio/numismaticapp/internal/infrastructure/postgres.go:482.112,487.16 2 0
github.com/antonioparicio/numismaticapp/internal/infrastructure/postgres.go:487.16,489.3 1 0
github.com/antonioparicio/numismaticapp/internal/infrastructure/postgres.go:490.2,490.32 1 0
github.com/antonioparicio/numismaticapp/internal/infrastructure/postgres.go:493.102,495.16 2 0
github.com/antonioparicio/numismaticapp/internal/infrastructure/postgres.go:495.16,497.3 1 0
github.com/antonioparicio/numismaticapp/internal/infrastructure/postgres.go:498.2,498.32 1 0
github.com/antonioparicio/numismaticapp/internal/infrastructure/postgres.go:501.86,503.16 2 0
github.com/antonioparicio/numismaticapp/internal/infrastructure/postgres.go:503.16,505.3 1 0
github.com/antonioparicio/numismaticapp/internal/infrastructure/postgres.go:507.2,508.27 2 0
github.com/antonioparicio/numismaticapp/internal/infrastructure/postgres.go:508.27,510.3 1 0
github.com/antonioparicio/numismaticapp/internal/infrastructure/postgres.go:511.2,511.20 1 0
github.com/antonioparicio/numismaticapp/internal/infrastructure/postgres.go:514.90,520.16 2 0
github.com/antonioparicio/numismaticapp/internal/infrastructure/postgres.go:520.16,522.3 1 0
github.com/antonioparicio/numismaticapp/internal/infrastructure/postgres.go:524.2,526.12 3 0
github.com/antonioparicio/numismaticapp/internal/infrastructure/postgres.go:529.77,531.2 1 0
github.com/antonioparicio/numismaticapp/internal/infrastructure/postgres.go:535.54,537.32 2 0
github.com/antonioparicio/numismaticapp/internal/infrastructure/postgres.go:537.32,538.75 1 0
github.com/antonioparicio/numismaticapp/internal/infrastructure/postgres.go:538.75,540.4 1 0
github.com/antonioparicio/numismaticapp/internal/infrastructure/postgres.go:543.2,544.33 2 0
github.com/antonioparicio/numismaticapp/internal/infrastructure/postgres.go:544.33,545.77 1 0
github.com/antonioparicio/numismaticapp/internal/infrastructure/postgres.go:545.77,547.4 1 0
github.com/antonioparicio/numismaticapp/internal/infrastructure/postgres.go:552.2,562.23 10 0
github.com/antonioparicio/numismaticapp/internal/infrastructure/postgres.go:562.23,565.3 2 0
github.com/antonioparicio/numismaticapp/internal/infrastructure/postgres.go:567.2,568.26 2 0
github.com/antonioparicio/numismaticapp/internal/infrastructure/postgres.go:568.26,571.3 2 0
github.com/antonioparicio/numismaticapp/internal/infrastructure/postgres.go:573.2,574.22 2 0
github.com/antonioparicio/numismaticapp/internal/infrastructure/postgres.go:574.22,577.3 2 0
github.com/antonioparicio/numismaticapp/internal/infrastructure/postgres.go:579.2,614.8 1 0
github.com/antonioparicio/numismaticapp/internal/infrastructure/postgres.go:617.61,619.27 2 0
github.com/antonioparicio/numismaticapp/internal/infrastructure/postgres.go:619.27,635.3 1 0
github.com/antonioparicio/numismaticapp/internal/infrastructure/postgres.go:636.2,636.15 1 0
github.com/antonioparicio/numismaticapp/internal/infrastructure/postgres.go:639.48,646.2 1 0
github.com/antonioparicio/numismaticapp/internal/infrastructure/postgres.go:648.41,653.2 1 0
github.com/antonioparicio/numismaticapp/internal/infrastructure/postgres.go:655.42,656.12 1 0
github.com/antonioparicio/numismaticapp/internal/infrastructure/postgres.go:656.12,658.3 1 0
github.com/antonioparicio/numismaticapp/internal/infrastructure/postgres.go:659.2,660.53 2 0
github.com/antonioparicio/numismaticapp/internal/infrastructure/postgres.go:660.53,662.3 1 0
github.com/antonioparicio/numismaticapp/internal/infrastructure/postgres.go:663.2,663.10 1 0
github.com/antonioparicio/numismaticapp/internal/infrastructure/postgres.go:666.36,671.2 1 0
github.com/antonioparicio/numismaticapp/internal/infrastructure/postgres.go:673.38,678.2 1 0
github.com/antonioparicio/numismaticapp/internal/infrastructure/postgres.go:680.40,681.14 1 0
github.com/antonioparicio/numismaticapp/internal/infrastructure/postgres.go:681.14,683.3 1 0
github.com/antonioparicio/numismaticapp/internal/infrastructure/postgres.go:684.2,687.3 1 0
github.com/antonioparicio/numismaticapp/internal/infrastructure/postgres.go:690.45,691.14 1 0
github.com/antonioparicio/numismaticapp/internal/infrastructure/postgres.go:691.14,693.3 1 0
github.com/antonioparicio/numismaticapp/internal/infrastructure/postgres.go:694.2,697.3 1 0
github.com/antonioparicio/numismaticapp/internal/infrastructure/postgres.go:700.43,701.14 1 0
github.com/antonioparicio/numismaticapp/internal/infrastructure/postgres.go:701.14,703.3 1 0
github.com/antonioparicio/numismaticapp/internal/infrastructure/postgres.go:704.2,707.3 1 0
github.com/antonioparicio/numismaticapp/internal/infrastructure/postgres.go:710.48,711.14 1 0
github.com/antonioparicio/numismaticapp/internal/infrastructure/postgres.go:711.14,713.3 1 0
github.com/antonioparicio/numismaticapp/internal/infrastructure/postgres.go:714.2,717.3 1 0
github.com/antonioparicio/numismaticapp/internal/infrastructure/image/processor.go:18.46,20.2 1 0
github.com/antonioparicio/numismaticapp/internal/infrastructure/image/processor.go:22.98,25.16 2 0
github.com/antonioparicio/numismaticapp/internal/infrastructure/image/processor.go:25.16,27.3 1 0
github.com/antonioparicio/numismaticapp/internal/infrastructure/image/processor.go:30.2,30.45 1 0
github.com/antonioparicio/numismaticapp/internal/infrastructure/image/processor.go:30.45,32.3 1 0
github.com/antonioparicio/numismaticapp/internal/infrastructure/image/processor.go:35.2,35.42 1 0
github.com/antonioparicio/numismaticapp/internal/infrastructure/image/processor.go:35.42,37.3 1 0
github.com/antonioparicio/numismaticapp/internal/infrastructure/image/processor.go:40.2,41.16 2 0
github.com/antonioparicio/numismaticapp/internal/infrastructure/image/processor.go:41.16,43.3 1 0
github.com/antonioparicio/numismaticapp/internal/infrastructure/image/processor.go:46.2,46.44 1 0
github.com/antonioparicio/numismaticapp/internal/infrastructure/image/processor.go:46.44,48.3 1 0
github.com/antonioparicio/numismaticapp/internal/infrastructure/image/processor.go:51.2,51.41 1 0
github.com/antonioparicio/numismaticapp/internal/infrastructure/image/processor.go:51.41,53.3 1 0
github.com/antonioparicio/numismaticapp/internal/infrastructure/image/processor.go:55.2,55.39 1 0
github.com/antonioparicio/numismaticapp/internal/infrastructure/image/processor.go:58.57,60.16 2 0
github.com/antonioparicio/numismaticapp/internal/infrastructure/image/processor.go:60.16,62.3 1 0
github.com/antonioparicio/numismaticapp/internal/infrastructure/image/processor.go:65.2,69.47 4 0
github.com/antonioparicio/numismaticapp/internal/infrastructure/image/processor.go:69.47,70.48 1 0
github.com/antonioparicio/numismaticapp/internal/infrastructure/image/processor.go:70.48,72.13 2 0
github.com/antonioparicio/numismaticapp/internal/infrastructure/image/processor.go:72.13,73.17 1 0
github.com/antonioparicio/numismaticapp/internal/infrastructure/image/processor.go:73.17,75.6 1 0
github.com/antonioparicio/numismaticapp/internal/infrastructure/image/processor.go:76.5,76.17 1 0
github.com/antonioparicio/numismaticapp/internal/infrastructure/image/processor.go:76.17,78.6 1 0
github.com/antonioparicio/numismaticapp/internal/infrastructure/image/processor.go:79.5,79.17 1 0
github.com/antonioparicio/numismaticapp/internal/infrastructure/image/processor.go:79.17,81.6 1 0
github.com/antonioparicio/numismaticapp/internal/infrastructure/image/processor.go:82.5,82.17 1 0
github.com/antonioparicio/numismaticapp/internal/infrastructure/image/processor.go:82.17,84.6 1 0
github.com/antonioparicio/numismaticapp/internal/infrastructure/image/processor.go:85.5,85.17 1 0
github.com/antonioparicio/numismaticapp/internal/infrastructure/image/processor.go:90.2,90.12 1 0
github.com/antonioparicio/numismaticapp/internal/infrastructure/image/processor.go:90.12,93.3 1 0
github.com/antonioparicio/numismaticapp/internal/infrastructure/image/processor.go:96.2,105.60 8 0
github.com/antonioparicio/numismaticapp/internal/infrastructure/image/processor.go:105.60,107.3 1 0
github.com/antonioparicio/numismaticapp/internal/infrastructure/image/processor.go:109.2,110.12 2 0
github.com/antonioparicio/numismaticapp/internal/infrastructure/image/processor.go:113.75,115.16 2 0
github.com/antonioparicio/numismaticapp/internal/infrastructure/image/processor.go:115.16,117.3 1 0
github.com/antonioparicio/numismaticapp/internal/infrastructure/image/processor.go:119.2,121.23 3 0
github.com/antonioparicio/numismaticapp/internal/infrastructure/image/processor.go:121.23,123.3 1 0
github.com/antonioparicio/numismaticapp/internal/infrastructure/image/processor.go:126.2,137.27 5 0
github.com/antonioparicio/numismaticapp/internal/infrastructure/image/processor.go:137.27,138.28 1 0
github.com/antonioparicio/numismaticapp/internal/infrastructure/image/processor.go:138.28,140.26 2 0
github.com/antonioparicio/numismaticapp/internal/infrastructure/image/processor.go:140.26,142.5 1 0
github.com/antonioparicio/numismaticapp/internal/infrastructure/image/processor.go:142.10,144.5 1 0
github.com/antonioparicio/numismaticapp/internal/infrastructure/image/processor.go:149.2,150.58 2 0
github.com/antonioparicio/numismaticapp/internal/infrastructure/image/processor.go:150.58,153.14 2 0
github.com/antonioparicio/numismaticapp/internal/infrastructure/image/processor.go:153.14,155.4 1 0
github.com/antonioparicio/numismaticapp/internal/infrastructure/image/processor.go:157.2,159.54 2 0
github.com/antonioparicio/numismaticapp/internal/infrastructure/image/processor.go:159.54,161.3 1 0
github.com/antonioparicio/numismaticapp/internal/infrastructure/image/processor.go:163.2,163.24 1 0
github.com/antonioparicio/numismaticapp/internal/infrastructure/image/processor.go:166.118,169.16 2 0
github.com/antonioparicio/numismaticapp/internal/infrastructure/image/processor.go:169.16,171.3 1 0
github.com/antonioparicio/numismaticapp/internal/infrastructure/image/processor.go:172.2,176.16 3 0
github.com/antonioparicio/numismaticapp/internal/infrastructure/image/processor.go:176.16,178.3 1 0
github.com/antonioparicio/numismaticapp/internal/infrastructure/image/processor.go:179.2,179.15 1 0
github.com/antonioparicio/numismaticapp/internal/infrastructure/image/processor.go:179.15,180.38 1 0
github.com/antonioparicio/numismaticapp/internal/infrastructure/image/processor.go:180.38,182.4 1 0
github.com/antonioparicio/numismaticapp/internal/infrastructure/image/processor.go:185.2,186.16 2 0
github.com/antonioparicio/numismaticapp/internal/infrastructure/image/processor.go:186.16,188.3 1 0
github.com/antonioparicio/numismaticapp/internal/infrastructure/image/processor.go:190.2,191.57 2 0
github.com/antonioparicio/numismaticapp/internal/infrastructure/image/processor.go:194.71,197.16 2 0
github.com/antonioparicio/numismaticapp/internal/infrastructure/image/processor.go:197.16,199.3 1 0
github.com/antonioparicio/numismaticapp/internal/infrastructure/image/processor.go:204.2,208.47 4 0
github.com/antonioparicio/numismaticapp/internal/infrastructure/image/processor.go:208.47,209.48 1 0
github.com/antonioparicio/numismaticapp/internal/infrastructure/image/processor.go:209.48,211.13 2 0
github.com/antonioparicio/numismaticapp/internal/infrastructure/image/processor.go:211.13,212.17 1 0
github.com/antonioparicio/numismaticapp/internal/infrastructure/image/processor.go:212.17,214.6 1 0
github.com/antonioparicio/numismaticapp/internal/infrastructure/image/processor.go:215.5,215.17 1 0
github.com/antonioparicio/numismaticapp/internal/infrastructure/image/processor.go:215.17,217.6 1 0
github.com/antonioparicio/numismaticapp/internal/infrastructure/image/processor.go:218.5,218.17 1 0
github.com/antonioparicio/numismaticapp/internal/infrastructure/image/processor.go:218.17,220.6 1 0
github.com/antonioparicio/numismaticapp/internal/infrastructure/image/processor.go:221.5,221.17 1 0
github.com/antonioparicio/numismaticapp/internal/infrastructure/image/processor.go:221.17,223.6 1 0
github.com/antonioparicio/numismaticapp/internal/infrastructure/image/processor.go:224.5,224.17 1 0
github.com/antonioparicio/numismaticapp/internal/infrastructure/image/processor.go:229.2,229.12 1 0
github.com/antonioparicio/numismaticapp/internal/infrastructure/image/processor.go:229.12,231.3 1 0
github.com/antonioparicio/numismaticapp/internal/infrastructure/image/processor.go:234.2,247.50 9 0
github.com/antonioparicio/numismaticapp/internal/infrastructure/image/processor.go:247.50,249.3 1 0
github.com/antonioparicio/numismaticapp/internal/infrastructure/image/processor.go:250.2,250.25 1 0
github.com/antonioparicio/numismaticapp/internal/infrastructure/image/processor.go:253.91,255.16 2 0
github.com/antonioparicio/numismaticapp/internal/infrastructure/image/processor.go:255.16,257.3 1 0
github.com/antonioparicio/numismaticapp/internal/infrastructure/image/processor.go:260.2,263.54 3 0
github.com/antonioparicio/numismaticapp/internal/infrastructure/image/processor.go:263.54,265.3 1 0
github.com/antonioparicio/numismaticapp/internal/infrastructure/image/processor.go:266.2,268.57 2 0
github.com/antonioparicio/numismaticapp/internal/infrastructure/image/processor.go:268.57,270.3 1 0
github.com/antonioparicio/numismaticapp/internal/infrastructure/image/processor.go:272.2,272.24 1 0
github.com/antonioparicio/numismaticapp/internal/infrastructure/image/processor.go:275.74,276.16 1 0
github.com/antonioparicio/numismaticapp/internal/infrastructure/image/processor.go:276.16,278.3 1 0
github.com/antonioparicio/numismaticapp/internal/infrastructure/image/processor.go:280.2,281.16 2 0
github.com/antonioparicio/numismaticapp/internal/infrastructure/image/processor.go:281.16,283.3 1 0
github.com/antonioparicio/numismaticapp/internal/infrastructure/image/processor.go:285.2,290.60 3 0
github.com/antonioparicio/numismaticapp/internal/infrastructure/image/processor.go:290.60,292.3 1 0
github.com/antonioparicio/numismaticapp/internal/infrastructure/image/processor.go:294.2,294.12 1 0
github.com/antonioparicio/numismaticapp/internal/infrastructure/image/processor.go:297.24,298.11 1 0
github.com/antonioparicio/numismaticapp/internal/infrastructure/image/processor.go:298.11,300.3 1 0
github.com/antonioparicio/numismaticapp/internal/infrastructure/image/processor.go:301.2,301.10 1 0
github.com/antonioparicio/numismaticapp/internal/infrastructure/image/processor.go:304.24,305.11 1 0
github.com/antonioparicio/numismaticapp/internal/infrastructure/image/processor.go:305.11,307.3 1 0
github.com/antonioparicio/numismaticapp/internal/infrastructure/image/processor.go:308.2,308.10 1 0
github.com/antonioparicio/numismaticapp/internal/infrastructure/image/rembg_client.go:20.50,25.2 1 0
github.com/antonioparicio/numismaticapp/internal/infrastructure/image/rembg_client.go:27.91,32.16 4 0
github.com/antonioparicio/numismaticapp/internal/infrastructure/image/rembg_client.go:32.16,34.3 1 0
github.com/antonioparicio/numismaticapp/internal/infrastructure/image/rembg_client.go:35.2,35.45 1 0
github.com/antonioparicio/numismaticapp/internal/infrastructure/image/rembg_client.go:35.45,37.3 1 0
github.com/antonioparicio/numismaticapp/internal/infrastructure/image/rembg_client.go:38.2,38.39 1 0
github.com/antonioparicio/numismaticapp/internal/infrastructure/image/rembg_client.go:38.39,40.3 1 0
github.com/antonioparicio/numismaticapp/internal/infrastructure/image/rembg_client.go:42.2,43.16 2 0
github.com/antonioparicio/numismaticapp/internal/infrastructure/image/rembg_client.go:43.16,45.3 1 0
github.com/antonioparicio/numismaticapp/internal/infrastructure/image/rembg_client.go:46.2,49.16 3 0
github.com/antonioparicio/numismaticapp/internal/infrastructure/image/rembg_client.go:49.16,51.3 1 0
github.com/antonioparicio/numismaticapp/internal/infrastructure/image/rembg_client.go:52.2,52.15 1 0
github.com/antonioparicio/numismaticapp/internal/infrastructure/image/rembg_client.go:52.15,53.43 1 0
github.com/antonioparicio/numismaticapp/internal/infrastructure/image/rembg_client.go:53.43,55.4 1 0
github.com/antonioparicio/numismaticapp/internal/infrastructure/image/rembg_client.go:58.2,58.38 1 0
github.com/antonioparicio/numismaticapp/internal/infrastructure/image/rembg_client.go:58.38,60.3 1 0
github.com/antonioparicio/numismaticapp/internal/infrastructure/image/rembg_client.go:62.2,63.16 2 0
github.com/antonioparicio/numismaticapp/internal/infrastructure/image/rembg_client.go:63.16,65.3 1 0
github.com/antonioparicio/numismaticapp/internal/infrastructure/image/rembg_client.go:67.2,67.20 1 0
