mode: set
github.com/antonioparicio/numismaticapp/internal/application/coin_service.go:62.16,73.2 1 1
github.com/antonioparicio/numismaticapp/internal/application/coin_service.go:75.251,82.16 4 1
github.com/antonioparicio/numismaticapp/internal/application/coin_service.go:82.16,84.3 1 1
github.com/antonioparicio/numismaticapp/internal/application/coin_service.go:85.2,86.16 2 1
github.com/antonioparicio/numismaticapp/internal/application/coin_service.go:86.16,88.3 1 1
github.com/antonioparicio/numismaticapp/internal/application/coin_service.go:90.2,91.16 2 1
github.com/antonioparicio/numismaticapp/internal/application/coin_service.go:91.16,93.3 1 1
github.com/antonioparicio/numismaticapp/internal/application/coin_service.go:94.2,95.16 2 1
github.com/antonioparicio/numismaticapp/internal/application/coin_service.go:95.16,97.3 1 0
github.com/antonioparicio/numismaticapp/internal/application/coin_service.go:100.2,132.12 12 1
github.com/antonioparicio/numismaticapp/internal/application/coin_service.go:132.12,137.17 4 1
github.com/antonioparicio/numismaticapp/internal/application/coin_service.go:137.17,144.4 2 1
github.com/antonioparicio/numismaticapp/internal/application/coin_service.go:145.3,146.36 2 1
github.com/antonioparicio/numismaticapp/internal/application/coin_service.go:150.2,151.12 2 1
github.com/antonioparicio/numismaticapp/internal/application/coin_service.go:151.12,157.17 4 1
github.com/antonioparicio/numismaticapp/internal/application/coin_service.go:157.17,161.4 3 1
github.com/antonioparicio/numismaticapp/internal/application/coin_service.go:162.3,163.17 2 1
github.com/antonioparicio/numismaticapp/internal/application/coin_service.go:163.17,166.4 2 1
github.com/antonioparicio/numismaticapp/internal/application/coin_service.go:167.3,168.17 2 1
github.com/antonioparicio/numismaticapp/internal/application/coin_service.go:168.17,171.4 2 1
github.com/antonioparicio/numismaticapp/internal/application/coin_service.go:172.3,173.17 2 1
github.com/antonioparicio/numismaticapp/internal/application/coin_service.go:173.17,176.4 2 1
github.com/antonioparicio/numismaticapp/internal/application/coin_service.go:179.3,180.17 2 1
github.com/antonioparicio/numismaticapp/internal/application/coin_service.go:180.17,184.4 3 1
github.com/antonioparicio/numismaticapp/internal/application/coin_service.go:185.3,186.17 2 1
github.com/antonioparicio/numismaticapp/internal/application/coin_service.go:186.17,189.4 2 0
github.com/antonioparicio/numismaticapp/internal/application/coin_service.go:190.3,191.17 2 1
github.com/antonioparicio/numismaticapp/internal/application/coin_service.go:191.17,194.4 2 0
github.com/antonioparicio/numismaticapp/internal/application/coin_service.go:195.3,196.17 2 1
github.com/antonioparicio/numismaticapp/internal/application/coin_service.go:196.17,199.4 2 0
github.com/antonioparicio/numismaticapp/internal/application/coin_service.go:201.3,207.69 2 1
github.com/antonioparicio/numismaticapp/internal/application/coin_service.go:211.2,212.12 2 1
github.com/antonioparicio/numismaticapp/internal/application/coin_service.go:212.12,216.22 4 1
github.com/antonioparicio/numismaticapp/internal/application/coin_service.go:216.22,220.4 3 1
github.com/antonioparicio/numismaticapp/internal/application/coin_service.go:222.3,223.17 2 1
github.com/antonioparicio/numismaticapp/internal/application/coin_service.go:223.17,226.18 2 1
github.com/antonioparicio/numismaticapp/internal/application/coin_service.go:226.18,230.5 3 1
github.com/antonioparicio/numismaticapp/internal/application/coin_service.go:232.3,233.38 2 1
github.com/antonioparicio/numismaticapp/internal/application/coin_service.go:237.2,245.27 6 1
github.com/antonioparicio/numismaticapp/internal/application/coin_service.go:245.27,246.17 1 1
github.com/antonioparicio/numismaticapp/internal/application/coin_service.go:246.17,248.4 1 1
github.com/antonioparicio/numismaticapp/internal/application/coin_service.go:251.2,257.16 5 1
github.com/antonioparicio/numismaticapp/internal/application/coin_service.go:257.16,262.3 2 1
github.com/antonioparicio/numismaticapp/internal/application/coin_service.go:264.2,303.71 5 1
github.com/antonioparicio/numismaticapp/internal/application/coin_service.go:303.71,305.17 2 1
github.com/antonioparicio/numismaticapp/internal/application/coin_service.go:305.17,307.4 1 1
github.com/antonioparicio/numismaticapp/internal/application/coin_service.go:308.3,321.13 2 1
github.com/antonioparicio/numismaticapp/internal/application/coin_service.go:324.2,324.65 1 1
github.com/antonioparicio/numismaticapp/internal/application/coin_service.go:324.65,326.17 2 1
github.com/antonioparicio/numismaticapp/internal/application/coin_service.go:326.17,328.4 1 1
github.com/antonioparicio/numismaticapp/internal/application/coin_service.go:329.3,342.13 2 1
github.com/antonioparicio/numismaticapp/internal/application/coin_service.go:345.2,345.79 1 1
github.com/antonioparicio/numismaticapp/internal/application/coin_service.go:345.79,347.3 1 1
github.com/antonioparicio/numismaticapp/internal/application/coin_service.go:348.2,348.76 1 1
github.com/antonioparicio/numismaticapp/internal/application/coin_service.go:348.76,350.3 1 0
github.com/antonioparicio/numismaticapp/internal/application/coin_service.go:351.2,351.92 1 1
github.com/antonioparicio/numismaticapp/internal/application/coin_service.go:351.92,353.3 1 1
github.com/antonioparicio/numismaticapp/internal/application/coin_service.go:354.2,354.89 1 1
github.com/antonioparicio/numismaticapp/internal/application/coin_service.go:354.89,356.3 1 0
github.com/antonioparicio/numismaticapp/internal/application/coin_service.go:357.2,357.93 1 1
github.com/antonioparicio/numismaticapp/internal/application/coin_service.go:357.93,359.3 1 0
github.com/antonioparicio/numismaticapp/internal/application/coin_service.go:360.2,360.90 1 1
github.com/antonioparicio/numismaticapp/internal/application/coin_service.go:360.90,362.3 1 0
github.com/antonioparicio/numismaticapp/internal/application/coin_service.go:365.2,365.47 1 1
github.com/antonioparicio/numismaticapp/internal/application/coin_service.go:365.47,368.3 2 1
github.com/antonioparicio/numismaticapp/internal/application/coin_service.go:369.2,372.28 2 1
github.com/antonioparicio/numismaticapp/internal/application/coin_service.go:372.28,373.25 1 1
github.com/antonioparicio/numismaticapp/internal/application/coin_service.go:373.25,376.61 3 1
github.com/antonioparicio/numismaticapp/internal/application/coin_service.go:376.61,378.5 1 1
github.com/antonioparicio/numismaticapp/internal/application/coin_service.go:378.10,380.5 1 1
github.com/antonioparicio/numismaticapp/internal/application/coin_service.go:384.2,384.18 1 1
github.com/antonioparicio/numismaticapp/internal/application/coin_service.go:387.90,391.16 3 1
github.com/antonioparicio/numismaticapp/internal/application/coin_service.go:391.16,393.3 1 1
github.com/antonioparicio/numismaticapp/internal/application/coin_service.go:396.2,397.24 2 1
github.com/antonioparicio/numismaticapp/internal/application/coin_service.go:397.24,399.3 1 1
github.com/antonioparicio/numismaticapp/internal/application/coin_service.go:400.2,404.25 4 1
github.com/antonioparicio/numismaticapp/internal/application/coin_service.go:404.25,406.3 1 1
github.com/antonioparicio/numismaticapp/internal/application/coin_service.go:408.2,411.16 3 1
github.com/antonioparicio/numismaticapp/internal/application/coin_service.go:411.16,414.3 2 1
github.com/antonioparicio/numismaticapp/internal/application/coin_service.go:416.2,416.25 1 1
github.com/antonioparicio/numismaticapp/internal/application/coin_service.go:416.25,419.3 2 1
github.com/antonioparicio/numismaticapp/internal/application/coin_service.go:421.2,430.16 4 1
github.com/antonioparicio/numismaticapp/internal/application/coin_service.go:430.16,432.3 1 0
github.com/antonioparicio/numismaticapp/internal/application/coin_service.go:432.8,435.3 2 1
github.com/antonioparicio/numismaticapp/internal/application/coin_service.go:437.2,437.61 1 1
github.com/antonioparicio/numismaticapp/internal/application/coin_service.go:437.61,439.50 2 1
github.com/antonioparicio/numismaticapp/internal/application/coin_service.go:439.50,441.4 1 1
github.com/antonioparicio/numismaticapp/internal/application/coin_service.go:442.3,442.13 1 1
github.com/antonioparicio/numismaticapp/internal/application/coin_service.go:446.2,446.45 1 1
github.com/antonioparicio/numismaticapp/internal/application/coin_service.go:446.45,450.17 3 1
github.com/antonioparicio/numismaticapp/internal/application/coin_service.go:450.17,452.4 1 1
github.com/antonioparicio/numismaticapp/internal/application/coin_service.go:456.3,456.11 1 1
github.com/antonioparicio/numismaticapp/internal/application/coin_service.go:459.2,468.47 7 1
github.com/antonioparicio/numismaticapp/internal/application/coin_service.go:468.47,474.26 3 1
github.com/antonioparicio/numismaticapp/internal/application/coin_service.go:474.26,475.82 1 1
github.com/antonioparicio/numismaticapp/internal/application/coin_service.go:475.82,478.5 2 1
github.com/antonioparicio/numismaticapp/internal/application/coin_service.go:483.3,484.17 2 1
github.com/antonioparicio/numismaticapp/internal/application/coin_service.go:484.17,486.12 2 1
github.com/antonioparicio/numismaticapp/internal/application/coin_service.go:490.3,491.58 2 1
github.com/antonioparicio/numismaticapp/internal/application/coin_service.go:491.58,492.59 1 1
github.com/antonioparicio/numismaticapp/internal/application/coin_service.go:492.59,494.5 1 1
github.com/antonioparicio/numismaticapp/internal/application/coin_service.go:497.3,497.44 1 1
github.com/antonioparicio/numismaticapp/internal/application/coin_service.go:497.44,498.26 1 1
github.com/antonioparicio/numismaticapp/internal/application/coin_service.go:498.26,500.5 1 1
github.com/antonioparicio/numismaticapp/internal/application/coin_service.go:501.4,503.42 2 1
github.com/antonioparicio/numismaticapp/internal/application/coin_service.go:503.42,505.5 1 1
github.com/antonioparicio/numismaticapp/internal/application/coin_service.go:507.4,507.54 1 1
github.com/antonioparicio/numismaticapp/internal/application/coin_service.go:507.54,509.5 1 0
github.com/antonioparicio/numismaticapp/internal/application/coin_service.go:511.4,511.54 1 1
github.com/antonioparicio/numismaticapp/internal/application/coin_service.go:511.54,513.5 1 1
github.com/antonioparicio/numismaticapp/internal/application/coin_service.go:514.4,514.16 1 1
github.com/antonioparicio/numismaticapp/internal/application/coin_service.go:517.3,520.34 3 1
github.com/antonioparicio/numismaticapp/internal/application/coin_service.go:520.34,524.9 4 1
github.com/antonioparicio/numismaticapp/internal/application/coin_service.go:527.3,527.50 1 1
github.com/antonioparicio/numismaticapp/internal/application/coin_service.go:527.50,532.4 3 1
github.com/antonioparicio/numismaticapp/internal/application/coin_service.go:544.2,547.25 3 1
github.com/antonioparicio/numismaticapp/internal/application/coin_service.go:547.25,548.34 1 1
github.com/antonioparicio/numismaticapp/internal/application/coin_service.go:548.34,552.4 3 1
github.com/antonioparicio/numismaticapp/internal/application/coin_service.go:552.9,562.4 1 1
github.com/antonioparicio/numismaticapp/internal/application/coin_service.go:565.2,565.25 1 1
github.com/antonioparicio/numismaticapp/internal/application/coin_service.go:565.25,572.50 5 1
github.com/antonioparicio/numismaticapp/internal/application/coin_service.go:572.50,575.4 2 0
github.com/antonioparicio/numismaticapp/internal/application/coin_service.go:576.8,578.50 1 1
github.com/antonioparicio/numismaticapp/internal/application/coin_service.go:578.50,580.4 1 0
github.com/antonioparicio/numismaticapp/internal/application/coin_service.go:583.2,585.12 2 1
github.com/antonioparicio/numismaticapp/internal/application/coin_service.go:588.121,592.16 3 1
github.com/antonioparicio/numismaticapp/internal/application/coin_service.go:592.16,594.3 1 1
github.com/antonioparicio/numismaticapp/internal/application/coin_service.go:596.2,597.16 2 1
github.com/antonioparicio/numismaticapp/internal/application/coin_service.go:597.16,599.3 1 1
github.com/antonioparicio/numismaticapp/internal/application/coin_service.go:601.2,606.49 4 1
github.com/antonioparicio/numismaticapp/internal/application/coin_service.go:606.49,608.3 1 1
github.com/antonioparicio/numismaticapp/internal/application/coin_service.go:610.2,610.18 1 1
github.com/antonioparicio/numismaticapp/internal/application/coin_service.go:613.84,615.44 1 1
github.com/antonioparicio/numismaticapp/internal/application/coin_service.go:615.44,617.3 1 1
github.com/antonioparicio/numismaticapp/internal/application/coin_service.go:618.2,618.49 1 1
github.com/antonioparicio/numismaticapp/internal/application/coin_service.go:618.49,620.3 1 1
github.com/antonioparicio/numismaticapp/internal/application/coin_service.go:621.2,621.46 1 1
github.com/antonioparicio/numismaticapp/internal/application/coin_service.go:621.46,623.3 1 1
github.com/antonioparicio/numismaticapp/internal/application/coin_service.go:626.2,626.44 1 1
github.com/antonioparicio/numismaticapp/internal/application/coin_service.go:626.44,628.3 1 1
github.com/antonioparicio/numismaticapp/internal/application/coin_service.go:631.2,631.61 1 1
github.com/antonioparicio/numismaticapp/internal/application/coin_service.go:631.61,632.44 1 1
github.com/antonioparicio/numismaticapp/internal/application/coin_service.go:632.44,634.4 1 1
github.com/antonioparicio/numismaticapp/internal/application/coin_service.go:638.2,638.65 1 1
github.com/antonioparicio/numismaticapp/internal/application/coin_service.go:638.65,639.53 1 1
github.com/antonioparicio/numismaticapp/internal/application/coin_service.go:639.53,640.50 1 1
github.com/antonioparicio/numismaticapp/internal/application/coin_service.go:640.50,642.5 1 1
github.com/antonioparicio/numismaticapp/internal/application/coin_service.go:647.2,647.51 1 1
github.com/antonioparicio/numismaticapp/internal/application/coin_service.go:647.51,648.26 1 1
github.com/antonioparicio/numismaticapp/internal/application/coin_service.go:648.26,649.44 1 1
github.com/antonioparicio/numismaticapp/internal/application/coin_service.go:649.44,650.60 1 1
github.com/antonioparicio/numismaticapp/internal/application/coin_service.go:650.60,651.62 1 1
github.com/antonioparicio/numismaticapp/internal/application/coin_service.go:651.62,652.54 1 1
github.com/antonioparicio/numismaticapp/internal/application/coin_service.go:652.54,654.13 2 1
github.com/antonioparicio/numismaticapp/internal/application/coin_service.go:663.2,663.67 1 1
github.com/antonioparicio/numismaticapp/internal/application/coin_service.go:663.67,664.55 1 1
github.com/antonioparicio/numismaticapp/internal/application/coin_service.go:664.55,665.51 1 1
github.com/antonioparicio/numismaticapp/internal/application/coin_service.go:665.51,667.5 1 1
github.com/antonioparicio/numismaticapp/internal/application/coin_service.go:672.2,672.50 1 1
github.com/antonioparicio/numismaticapp/internal/application/coin_service.go:672.50,674.3 1 1
github.com/antonioparicio/numismaticapp/internal/application/coin_service.go:677.2,677.45 1 1
github.com/antonioparicio/numismaticapp/internal/application/coin_service.go:677.45,679.3 1 1
github.com/antonioparicio/numismaticapp/internal/application/coin_service.go:682.2,682.57 1 1
github.com/antonioparicio/numismaticapp/internal/application/coin_service.go:682.57,684.3 1 1
github.com/antonioparicio/numismaticapp/internal/application/coin_service.go:686.2,695.3 1 1
github.com/antonioparicio/numismaticapp/internal/application/coin_service.go:703.104,705.2 1 1
github.com/antonioparicio/numismaticapp/internal/application/coin_service.go:707.88,709.2 1 1
github.com/antonioparicio/numismaticapp/internal/application/coin_service.go:711.98,713.2 1 1
github.com/antonioparicio/numismaticapp/internal/application/coin_service.go:715.80,717.16 2 1
github.com/antonioparicio/numismaticapp/internal/application/coin_service.go:717.16,719.3 1 1
github.com/antonioparicio/numismaticapp/internal/application/coin_service.go:721.2,722.16 2 1
github.com/antonioparicio/numismaticapp/internal/application/coin_service.go:722.16,725.3 2 1
github.com/antonioparicio/numismaticapp/internal/application/coin_service.go:728.2,729.29 2 1
github.com/antonioparicio/numismaticapp/internal/application/coin_service.go:729.29,731.3 1 1
github.com/antonioparicio/numismaticapp/internal/application/coin_service.go:733.2,733.31 1 1
github.com/antonioparicio/numismaticapp/internal/application/coin_service.go:733.31,734.40 1 1
github.com/antonioparicio/numismaticapp/internal/application/coin_service.go:734.40,741.4 6 1
github.com/antonioparicio/numismaticapp/internal/application/coin_service.go:744.2,744.20 1 1
github.com/antonioparicio/numismaticapp/internal/application/coin_service.go:747.94,752.16 3 1
github.com/antonioparicio/numismaticapp/internal/application/coin_service.go:752.16,754.3 1 1
github.com/antonioparicio/numismaticapp/internal/application/coin_service.go:755.2,759.16 3 1
github.com/antonioparicio/numismaticapp/internal/application/coin_service.go:759.16,761.3 1 1
github.com/antonioparicio/numismaticapp/internal/application/coin_service.go:762.2,766.16 3 1
github.com/antonioparicio/numismaticapp/internal/application/coin_service.go:766.16,768.3 1 1
github.com/antonioparicio/numismaticapp/internal/application/coin_service.go:769.2,773.16 3 1
github.com/antonioparicio/numismaticapp/internal/application/coin_service.go:773.16,775.3 1 1
github.com/antonioparicio/numismaticapp/internal/application/coin_service.go:777.2,778.32 2 1
github.com/antonioparicio/numismaticapp/internal/application/coin_service.go:778.32,780.3 1 0
github.com/antonioparicio/numismaticapp/internal/application/coin_service.go:783.2,784.16 2 1
github.com/antonioparicio/numismaticapp/internal/application/coin_service.go:784.16,786.3 1 1
github.com/antonioparicio/numismaticapp/internal/application/coin_service.go:787.2,788.27 2 1
github.com/antonioparicio/numismaticapp/internal/application/coin_service.go:788.27,790.3 1 0
github.com/antonioparicio/numismaticapp/internal/application/coin_service.go:793.2,794.16 2 1
github.com/antonioparicio/numismaticapp/internal/application/coin_service.go:794.16,796.3 1 1
github.com/antonioparicio/numismaticapp/internal/application/coin_service.go:797.2,801.16 3 1
github.com/antonioparicio/numismaticapp/internal/application/coin_service.go:801.16,803.3 1 1
github.com/antonioparicio/numismaticapp/internal/application/coin_service.go:804.2,808.16 3 1
github.com/antonioparicio/numismaticapp/internal/application/coin_service.go:808.16,810.3 1 1
github.com/antonioparicio/numismaticapp/internal/application/coin_service.go:812.2,815.28 3 1
github.com/antonioparicio/numismaticapp/internal/application/coin_service.go:815.28,817.3 1 1
github.com/antonioparicio/numismaticapp/internal/application/coin_service.go:819.2,819.30 1 1
github.com/antonioparicio/numismaticapp/internal/application/coin_service.go:819.30,820.13 1 1
github.com/antonioparicio/numismaticapp/internal/application/coin_service.go:820.13,822.4 1 1
github.com/antonioparicio/numismaticapp/internal/application/coin_service.go:822.9,822.20 1 1
github.com/antonioparicio/numismaticapp/internal/application/coin_service.go:822.20,824.4 1 1
github.com/antonioparicio/numismaticapp/internal/application/coin_service.go:824.9,824.21 1 1
github.com/antonioparicio/numismaticapp/internal/application/coin_service.go:824.21,826.4 1 1
github.com/antonioparicio/numismaticapp/internal/application/coin_service.go:826.9,826.21 1 1
github.com/antonioparicio/numismaticapp/internal/application/coin_service.go:826.21,828.4 1 1
github.com/antonioparicio/numismaticapp/internal/application/coin_service.go:828.9,830.4 1 1
github.com/antonioparicio/numismaticapp/internal/application/coin_service.go:834.2,838.16 3 1
github.com/antonioparicio/numismaticapp/internal/application/coin_service.go:838.16,852.42 7 1
github.com/antonioparicio/numismaticapp/internal/application/coin_service.go:852.42,853.33 1 1
github.com/antonioparicio/numismaticapp/internal/application/coin_service.go:854.30,855.13 1 1
github.com/antonioparicio/numismaticapp/internal/application/coin_service.go:856.21,857.13 1 1
github.com/antonioparicio/numismaticapp/internal/application/coin_service.go:858.27,859.13 1 1
github.com/antonioparicio/numismaticapp/internal/application/coin_service.go:860.21,861.13 1 0
github.com/antonioparicio/numismaticapp/internal/application/coin_service.go:862.19,863.13 1 1
github.com/antonioparicio/numismaticapp/internal/application/coin_service.go:864.25,865.13 1 0
github.com/antonioparicio/numismaticapp/internal/application/coin_service.go:866.12,867.13 1 0
github.com/antonioparicio/numismaticapp/internal/application/coin_service.go:871.3,871.27 1 1
github.com/antonioparicio/numismaticapp/internal/application/coin_service.go:871.27,877.24 3 1
github.com/antonioparicio/numismaticapp/internal/application/coin_service.go:877.24,880.5 2 1
github.com/antonioparicio/numismaticapp/internal/application/coin_service.go:883.4,883.27 1 1
github.com/antonioparicio/numismaticapp/internal/application/coin_service.go:883.27,886.5 2 1
github.com/antonioparicio/numismaticapp/internal/application/coin_service.go:889.4,890.73 2 1
github.com/antonioparicio/numismaticapp/internal/application/coin_service.go:890.73,892.5 1 1
github.com/antonioparicio/numismaticapp/internal/application/coin_service.go:893.4,893.69 1 1
github.com/antonioparicio/numismaticapp/internal/application/coin_service.go:893.69,895.5 1 1
github.com/antonioparicio/numismaticapp/internal/application/coin_service.go:898.4,898.69 1 1
github.com/antonioparicio/numismaticapp/internal/application/coin_service.go:898.69,899.60 1 1
github.com/antonioparicio/numismaticapp/internal/application/coin_service.go:899.60,902.6 2 1
github.com/antonioparicio/numismaticapp/internal/application/coin_service.go:902.11,902.48 1 1
github.com/antonioparicio/numismaticapp/internal/application/coin_service.go:902.48,904.113 1 1
github.com/antonioparicio/numismaticapp/internal/application/coin_service.go:904.113,906.7 1 1
github.com/antonioparicio/numismaticapp/internal/application/coin_service.go:910.3,910.29 1 1
github.com/antonioparicio/numismaticapp/internal/application/coin_service.go:910.29,912.4 1 1
github.com/antonioparicio/numismaticapp/internal/application/coin_service.go:915.2,916.16 2 1
github.com/antonioparicio/numismaticapp/internal/application/coin_service.go:916.16,918.28 2 1
github.com/antonioparicio/numismaticapp/internal/application/coin_service.go:918.28,920.4 1 0
github.com/antonioparicio/numismaticapp/internal/application/coin_service.go:923.2,930.81 3 1
github.com/antonioparicio/numismaticapp/internal/application/coin_service.go:930.81,932.3 1 1
github.com/antonioparicio/numismaticapp/internal/application/coin_service.go:934.2,934.81 1 1
github.com/antonioparicio/numismaticapp/internal/application/coin_service.go:934.81,936.3 1 1
github.com/antonioparicio/numismaticapp/internal/application/coin_service.go:938.2,938.75 1 1
github.com/antonioparicio/numismaticapp/internal/application/coin_service.go:938.75,940.3 1 1
github.com/antonioparicio/numismaticapp/internal/application/coin_service.go:943.2,944.16 2 1
github.com/antonioparicio/numismaticapp/internal/application/coin_service.go:944.16,947.3 1 0
github.com/antonioparicio/numismaticapp/internal/application/coin_service.go:947.8,950.3 2 1
github.com/antonioparicio/numismaticapp/internal/application/coin_service.go:952.2,952.19 1 1
github.com/antonioparicio/numismaticapp/internal/application/coin_service.go:955.105,957.16 2 1
github.com/antonioparicio/numismaticapp/internal/application/coin_service.go:957.16,959.3 1 1
github.com/antonioparicio/numismaticapp/internal/application/coin_service.go:960.2,960.51 1 1
github.com/antonioparicio/numismaticapp/internal/application/coin_service.go:963.112,966.16 3 1
github.com/antonioparicio/numismaticapp/internal/application/coin_service.go:966.16,968.3 1 1
github.com/antonioparicio/numismaticapp/internal/application/coin_service.go:971.2,972.29 2 1
github.com/antonioparicio/numismaticapp/internal/application/coin_service.go:972.29,973.72 1 1
github.com/antonioparicio/numismaticapp/internal/application/coin_service.go:973.72,975.9 2 1
github.com/antonioparicio/numismaticapp/internal/application/coin_service.go:979.2,979.22 1 1
github.com/antonioparicio/numismaticapp/internal/application/coin_service.go:979.22,981.3 1 1
github.com/antonioparicio/numismaticapp/internal/application/coin_service.go:983.2,987.69 2 1
github.com/antonioparicio/numismaticapp/internal/application/coin_service.go:987.69,990.3 2 1
github.com/antonioparicio/numismaticapp/internal/application/coin_service.go:991.2,997.16 3 1
github.com/antonioparicio/numismaticapp/internal/application/coin_service.go:997.16,1000.3 2 1
github.com/antonioparicio/numismaticapp/internal/application/coin_service.go:1001.2,1003.12 2 1
github.com/antonioparicio/numismaticapp/internal/application/coin_service.go:1006.113,1008.16 2 1
github.com/antonioparicio/numismaticapp/internal/application/coin_service.go:1008.16,1010.3 1 1
github.com/antonioparicio/numismaticapp/internal/application/coin_service.go:1012.2,1018.55 2 1
github.com/antonioparicio/numismaticapp/internal/application/coin_service.go:1018.55,1020.3 1 1
github.com/antonioparicio/numismaticapp/internal/application/coin_service.go:1021.2,1021.19 1 1
github.com/antonioparicio/numismaticapp/internal/application/coin_service.go:1024.70,1026.2 1 1
github.com/antonioparicio/numismaticapp/internal/application/coin_service.go:1028.42,1035.32 3 1
github.com/antonioparicio/numismaticapp/internal/application/coin_service.go:1035.32,1036.17 1 1
github.com/antonioparicio/numismaticapp/internal/application/coin_service.go:1036.17,1038.4 1 1
github.com/antonioparicio/numismaticapp/internal/application/coin_service.go:1042.2,1042.38 1 1
github.com/antonioparicio/numismaticapp/internal/application/coin_service.go:1042.38,1044.3 1 1
github.com/antonioparicio/numismaticapp/internal/application/coin_service.go:1045.2,1045.36 1 1
github.com/antonioparicio/numismaticapp/internal/application/coin_service.go:1045.36,1047.3 1 1
github.com/antonioparicio/numismaticapp/internal/application/coin_service.go:1048.2,1048.35 1 1
github.com/antonioparicio/numismaticapp/internal/application/coin_service.go:1048.35,1050.3 1 1
github.com/antonioparicio/numismaticapp/internal/application/coin_service.go:1051.2,1051.36 1 1
github.com/antonioparicio/numismaticapp/internal/application/coin_service.go:1051.36,1053.3 1 0
github.com/antonioparicio/numismaticapp/internal/application/coin_service.go:1054.2,1054.36 1 1
github.com/antonioparicio/numismaticapp/internal/application/coin_service.go:1054.36,1056.3 1 1
github.com/antonioparicio/numismaticapp/internal/application/coin_service.go:1057.2,1057.35 1 1
github.com/antonioparicio/numismaticapp/internal/application/coin_service.go:1057.35,1059.3 1 1
github.com/antonioparicio/numismaticapp/internal/application/coin_service.go:1060.2,1060.35 1 1
github.com/antonioparicio/numismaticapp/internal/application/coin_service.go:1060.35,1062.3 1 1
github.com/antonioparicio/numismaticapp/internal/application/coin_service.go:1063.2,1063.35 1 1
github.com/antonioparicio/numismaticapp/internal/application/coin_service.go:1063.35,1065.3 1 1
github.com/antonioparicio/numismaticapp/internal/application/coin_service.go:1069.2,1069.11 1 1
github.com/antonioparicio/numismaticapp/internal/application/coin_service.go:1100.116,1102.16 2 1
github.com/antonioparicio/numismaticapp/internal/application/coin_service.go:1102.16,1104.3 1 1
github.com/antonioparicio/numismaticapp/internal/application/coin_service.go:1107.2,1133.28 25 1
github.com/antonioparicio/numismaticapp/internal/application/coin_service.go:1133.28,1135.17 2 1
github.com/antonioparicio/numismaticapp/internal/application/coin_service.go:1135.17,1138.18 2 1
github.com/antonioparicio/numismaticapp/internal/application/coin_service.go:1138.18,1140.5 1 1
github.com/antonioparicio/numismaticapp/internal/application/coin_service.go:1142.3,1142.27 1 1
github.com/antonioparicio/numismaticapp/internal/application/coin_service.go:1143.8,1145.3 1 1
github.com/antonioparicio/numismaticapp/internal/application/coin_service.go:1147.2,1147.49 1 1
github.com/antonioparicio/numismaticapp/internal/application/coin_service.go:1147.49,1149.3 1 1
github.com/antonioparicio/numismaticapp/internal/application/coin_service.go:1151.2,1151.18 1 1
github.com/antonioparicio/numismaticapp/internal/application/coin_service.go:1154.75,1156.47 1 1
github.com/antonioparicio/numismaticapp/internal/application/coin_service.go:1156.47,1158.3 1 1
github.com/antonioparicio/numismaticapp/internal/application/coin_service.go:1161.2,1161.58 1 1
github.com/antonioparicio/numismaticapp/internal/application/coin_service.go:1161.58,1165.3 1 0
github.com/antonioparicio/numismaticapp/internal/application/coin_service.go:1167.2,1167.12 1 1
github.com/antonioparicio/numismaticapp/internal/application/coin_service.go:1170.94,1172.2 1 1
github.com/antonioparicio/numismaticapp/internal/application/coin_service.go:1174.133,1177.16 2 1
github.com/antonioparicio/numismaticapp/internal/application/coin_service.go:1177.16,1179.3 1 0
github.com/antonioparicio/numismaticapp/internal/application/coin_service.go:1182.2,1183.34 2 1
github.com/antonioparicio/numismaticapp/internal/application/coin_service.go:1183.34,1184.34 1 1
github.com/antonioparicio/numismaticapp/internal/application/coin_service.go:1184.34,1185.20 1 1
github.com/antonioparicio/numismaticapp/internal/application/coin_service.go:1186.17,1187.25 1 1
github.com/antonioparicio/numismaticapp/internal/application/coin_service.go:1188.16,1189.24 1 1
github.com/antonioparicio/numismaticapp/internal/application/coin_service.go:1194.2,1194.39 1 1
github.com/antonioparicio/numismaticapp/internal/application/coin_service.go:1194.39,1196.3 1 1
github.com/antonioparicio/numismaticapp/internal/application/coin_service.go:1199.2,1201.16 3 1
github.com/antonioparicio/numismaticapp/internal/application/coin_service.go:1201.16,1203.3 1 1
github.com/antonioparicio/numismaticapp/internal/application/coin_service.go:1206.2,1235.49 24 1
github.com/antonioparicio/numismaticapp/internal/application/coin_service.go:1235.49,1237.3 1 1
github.com/antonioparicio/numismaticapp/internal/application/coin_service.go:1239.2,1239.18 1 1
github.com/antonioparicio/numismaticapp/internal/application/coin_service.go:1243.134,1246.2 2 0
github.com/antonioparicio/numismaticapp/internal/application/coin_service.go:1249.78,1251.2 1 0
github.com/antonioparicio/numismaticapp/internal/application/coin_service.go:1253.75,1255.16 2 0
github.com/antonioparicio/numismaticapp/internal/application/coin_service.go:1255.16,1257.3 1 0
github.com/antonioparicio/numismaticapp/internal/application/coin_service.go:1259.2,1268.45 4 0
github.com/antonioparicio/numismaticapp/internal/application/coin_service.go:1268.45,1270.3 1 0
github.com/antonioparicio/numismaticapp/internal/application/coin_service.go:1272.2,1272.26 1 0
github.com/antonioparicio/numismaticapp/internal/application/coin_service.go:1272.26,1274.26 2 0
github.com/antonioparicio/numismaticapp/internal/application/coin_service.go:1274.26,1276.4 1 0
github.com/antonioparicio/numismaticapp/internal/application/coin_service.go:1277.3,1278.22 2 0
github.com/antonioparicio/numismaticapp/internal/application/coin_service.go:1278.22,1280.4 1 0
github.com/antonioparicio/numismaticapp/internal/application/coin_service.go:1281.3,1300.46 2 0
github.com/antonioparicio/numismaticapp/internal/application/coin_service.go:1300.46,1302.4 1 0
github.com/antonioparicio/numismaticapp/internal/application/coin_service.go:1304.2,1305.25 2 0
github.com/antonioparicio/numismaticapp/internal/application/coin_service.go:1308.75,1312.16 2 0
github.com/antonioparicio/numismaticapp/internal/application/coin_service.go:1312.16,1314.3 1 0
github.com/antonioparicio/numismaticapp/internal/application/coin_service.go:1317.2,1318.16 2 0
github.com/antonioparicio/numismaticapp/internal/application/coin_service.go:1318.16,1320.3 1 0
github.com/antonioparicio/numismaticapp/internal/application/coin_service.go:1323.2,1324.16 2 0
github.com/antonioparicio/numismaticapp/internal/application/coin_service.go:1324.16,1326.3 1 0
github.com/antonioparicio/numismaticapp/internal/application/coin_service.go:1329.2,1330.16 2 0
github.com/antonioparicio/numismaticapp/internal/application/coin_service.go:1330.16,1332.3 1 0
github.com/antonioparicio/numismaticapp/internal/application/coin_service.go:1334.2,1340.34 5 0
github.com/antonioparicio/numismaticapp/internal/application/coin_service.go:1340.34,1342.3 1 0
github.com/antonioparicio/numismaticapp/internal/application/coin_service.go:1343.2,1343.35 1 0
github.com/antonioparicio/numismaticapp/internal/application/coin_service.go:1343.35,1344.14 1 0
github.com/antonioparicio/numismaticapp/internal/application/coin_service.go:1344.14,1346.4 1 0
github.com/antonioparicio/numismaticapp/internal/application/coin_service.go:1347.3,1347.19 1 0
github.com/antonioparicio/numismaticapp/internal/application/coin_service.go:1349.2,1349.36 1 0
github.com/antonioparicio/numismaticapp/internal/application/coin_service.go:1349.36,1350.13 1 0
github.com/antonioparicio/numismaticapp/internal/application/coin_service.go:1350.13,1352.4 1 0
github.com/antonioparicio/numismaticapp/internal/application/coin_service.go:1353.3,1353.30 1 0
github.com/antonioparicio/numismaticapp/internal/application/coin_service.go:1355.2,1355.34 1 0
github.com/antonioparicio/numismaticapp/internal/application/coin_service.go:1355.34,1357.3 1 0
github.com/antonioparicio/numismaticapp/internal/application/coin_service.go:1358.2,1358.37 1 0
github.com/antonioparicio/numismaticapp/internal/application/coin_service.go:1358.37,1359.16 1 0
github.com/antonioparicio/numismaticapp/internal/application/coin_service.go:1359.16,1361.4 1 0
github.com/antonioparicio/numismaticapp/internal/application/coin_service.go:1362.3,1362.32 1 0
github.com/antonioparicio/numismaticapp/internal/application/coin_service.go:1364.2,1364.42 1 0
github.com/antonioparicio/numismaticapp/internal/application/coin_service.go:1364.42,1365.15 1 0
github.com/antonioparicio/numismaticapp/internal/application/coin_service.go:1365.15,1367.4 1 0
github.com/antonioparicio/numismaticapp/internal/application/coin_service.go:1368.3,1368.40 1 0
github.com/antonioparicio/numismaticapp/internal/application/coin_service.go:1376.2,1377.27 2 0
github.com/antonioparicio/numismaticapp/internal/application/coin_service.go:1377.27,1386.3 2 0
github.com/antonioparicio/numismaticapp/internal/application/coin_service.go:1387.2,1391.26 3 0
github.com/antonioparicio/numismaticapp/internal/application/coin_service.go:1391.26,1435.3 3 0
github.com/antonioparicio/numismaticapp/internal/application/coin_service.go:1436.2,1440.29 3 0
github.com/antonioparicio/numismaticapp/internal/application/coin_service.go:1440.29,1457.3 2 0
github.com/antonioparicio/numismaticapp/internal/application/coin_service.go:1458.2,1462.26 3 0
github.com/antonioparicio/numismaticapp/internal/application/coin_service.go:1462.26,1474.3 2 0
github.com/antonioparicio/numismaticapp/internal/application/coin_service.go:1476.2,1477.33 2 0
github.com/antonioparicio/numismaticapp/internal/application/coin_service.go:1482.108,1484.15 1 0
github.com/antonioparicio/numismaticapp/internal/application/coin_service.go:1484.15,1486.3 1 0
github.com/antonioparicio/numismaticapp/internal/application/coin_service.go:1489.2,1490.16 2 0
github.com/antonioparicio/numismaticapp/internal/application/coin_service.go:1490.16,1493.3 2 0
github.com/antonioparicio/numismaticapp/internal/application/coin_service.go:1495.2,1503.24 2 0
github.com/antonioparicio/numismaticapp/internal/application/coin_service.go:1503.24,1505.3 1 0
github.com/antonioparicio/numismaticapp/internal/application/coin_service.go:1505.8,1507.3 1 0
github.com/antonioparicio/numismaticapp/internal/application/coin_service.go:1509.2,1509.50 1 0
github.com/antonioparicio/numismaticapp/internal/application/coin_service.go:1509.50,1511.3 1 0
github.com/antonioparicio/numismaticapp/internal/application/coin_service.go:1513.2,1513.18 1 0
github.com/antonioparicio/numismaticapp/internal/application/coin_service.go:1516.79,1518.2 1 0
github.com/antonioparicio/numismaticapp/internal/application/coin_service.go:1520.99,1522.2 1 0
github.com/antonioparicio/numismaticapp/internal/application/coin_service.go:1524.100,1527.16 2 0
github.com/antonioparicio/numismaticapp/internal/application/coin_service.go:1527.16,1529.3 1 0
github.com/antonioparicio/numismaticapp/internal/application/coin_service.go:1532.2,1533.16 2 0
github.com/antonioparicio/numismaticapp/internal/application/coin_service.go:1533.16,1539.3 2 0
github.com/antonioparicio/numismaticapp/internal/application/coin_service.go:1542.2,1552.47 4 0
github.com/antonioparicio/numismaticapp/internal/application/coin_service.go:1552.47,1554.3 1 0
github.com/antonioparicio/numismaticapp/internal/application/coin_service.go:1557.2,1557.53 1 0
github.com/antonioparicio/numismaticapp/internal/application/coin_service.go:1557.53,1559.3 1 0
github.com/antonioparicio/numismaticapp/internal/application/coin_service.go:1561.2,1561.18 1 0
github.com/antonioparicio/numismaticapp/internal/application/coin_service.go:1566.110,1569.16 2 0
github.com/antonioparicio/numismaticapp/internal/application/coin_service.go:1569.16,1571.3 1 0
github.com/antonioparicio/numismaticapp/internal/application/coin_service.go:1574.2,1578.55 2 0
github.com/antonioparicio/numismaticapp/internal/application/coin_service.go:1578.55,1580.3 1 0
github.com/antonioparicio/numismaticapp/internal/application/coin_service.go:1581.2,1581.12 1 0
github.com/antonioparicio/numismaticapp/internal/application/coin_service.go:1584.81,1588.2 1 0
github.com/antonioparicio/numismaticapp/internal/application/coin_service.go:1590.121,1594.16 2 0
github.com/antonioparicio/numismaticapp/internal/application/coin_service.go:1594.16,1596.3 1 0
github.com/antonioparicio/numismaticapp/internal/application/coin_service.go:1599.2,1603.57 2 0
github.com/antonioparicio/numismaticapp/internal/application/coin_service.go:1603.57,1605.3 1 0
github.com/antonioparicio/numismaticapp/internal/application/coin_service.go:1606.2,1606.12 1 0
github.com/antonioparicio/numismaticapp/internal/application/coin_service.go:1609.87,1613.2 1 0
github.com/antonioparicio/numismaticapp/internal/application/coin_service.go:1615.119,1617.2 1 0
github.com/antonioparicio/numismaticapp/internal/application/coin_service.go:1619.102,1621.2 1 0
github.com/antonioparicio/numismaticapp/internal/domain/values.go:16.35,18.39 1 1
github.com/antonioparicio/numismaticapp/internal/domain/values.go:18.39,20.3 1 1
github.com/antonioparicio/numismaticapp/internal/domain/values.go:21.2,21.28 1 1
github.com/antonioparicio/numismaticapp/internal/domain/values.go:25.25,27.2 1 1
github.com/antonioparicio/numismaticapp/internal/domain/values.go:29.45,31.2 1 1
github.com/antonioparicio/numismaticapp/internal/domain/values.go:33.49,35.51 2 1
github.com/antonioparicio/numismaticapp/internal/domain/values.go:35.51,37.3 1 1
github.com/antonioparicio/numismaticapp/internal/domain/values.go:38.2,39.16 2 1
github.com/antonioparicio/numismaticapp/internal/domain/values.go:39.16,41.3 1 1
github.com/antonioparicio/numismaticapp/internal/domain/values.go:42.2,43.12 2 1
github.com/antonioparicio/numismaticapp/internal/domain/values.go:51.45,52.16 1 1
github.com/antonioparicio/numismaticapp/internal/domain/values.go:52.16,54.3 1 1
github.com/antonioparicio/numismaticapp/internal/domain/values.go:57.2,57.33 1 1
github.com/antonioparicio/numismaticapp/internal/domain/values.go:60.33,62.2 1 1
github.com/antonioparicio/numismaticapp/internal/domain/values.go:64.47,66.2 1 1
github.com/antonioparicio/numismaticapp/internal/domain/values.go:68.51,70.51 2 1
github.com/antonioparicio/numismaticapp/internal/domain/values.go:70.51,72.3 1 1
github.com/antonioparicio/numismaticapp/internal/domain/values.go:73.2,75.12 3 1
github.com/antonioparicio/numismaticapp/internal/domain/values.go:83.43,84.11 1 1
github.com/antonioparicio/numismaticapp/internal/domain/values.go:84.11,86.3 1 1
github.com/antonioparicio/numismaticapp/internal/domain/values.go:87.2,87.31 1 1
github.com/antonioparicio/numismaticapp/internal/domain/values.go:90.32,92.2 1 1
github.com/antonioparicio/numismaticapp/internal/domain/values.go:94.48,96.2 1 1
github.com/antonioparicio/numismaticapp/internal/domain/values.go:98.52,100.51 2 1
github.com/antonioparicio/numismaticapp/internal/domain/values.go:100.51,102.3 1 1
github.com/antonioparicio/numismaticapp/internal/domain/values.go:103.2,104.16 2 1
github.com/antonioparicio/numismaticapp/internal/domain/values.go:104.16,106.3 1 1
github.com/antonioparicio/numismaticapp/internal/domain/values.go:107.2,108.12 2 1
github.com/antonioparicio/numismaticapp/internal/domain/values.go:118.40,121.2 1 1
github.com/antonioparicio/numismaticapp/internal/domain/values.go:123.32,125.2 1 1
github.com/antonioparicio/numismaticapp/internal/domain/values.go:127.46,129.2 1 1
github.com/antonioparicio/numismaticapp/internal/domain/values.go:131.50,133.51 2 1
github.com/antonioparicio/numismaticapp/internal/domain/values.go:133.51,135.3 1 1
github.com/antonioparicio/numismaticapp/internal/domain/values.go:136.2,138.12 3 1
